Using pre-set license
Built from '2020.3/staging' branch; Version is '2020.3.26f1 (7298b473bc1a) revision 7510196'; Using compiler version '192528614'; Build Type 'Release'
OS: 'Windows 10  (10.0.19041) 64bit CoreSingleLanguage' Language: 'pt' Physical Memory: 8072 MB
BatchMode: 1, IsHumanControllingUs: 0, StartBugReporterOnCrash: 0, Is64bit: 1, IsPro: 0

COMMAND LINE ARGUMENTS:
C:\Program Files\Unity\Hub\Editor\2020.3.26f1\Editor\Unity.exe
-adb2
-batchMode
-noUpm
-name
AssetImportWorker0
-projectPath
C:/Users/erick/Downloads/Erick/GitRepos/John-Lemon-s-Haunted-Jaunt
-logFile
Logs/AssetImportWorker0.log
-srvPort
49864
Successfully changed project path to: C:/Users/erick/Downloads/Erick/GitRepos/John-Lemon-s-Haunted-Jaunt
C:/Users/erick/Downloads/Erick/GitRepos/John-Lemon-s-Haunted-Jaunt
Using Asset Import Pipeline V2.
Refreshing native plugins compatible for Editor in 61.46 ms, found 2 plugins.
Preloading 0 native plugins for Editor in 0.00 ms.
Initialize engine version: 2020.3.26f1 (7298b473bc1a)
[Subsystems] Discovering subsystems at path C:/Program Files/Unity/Hub/Editor/2020.3.26f1/Editor/Data/Resources/UnitySubsystems
[Subsystems] Discovering subsystems at path C:/Users/erick/Downloads/Erick/GitRepos/John-Lemon-s-Haunted-Jaunt/Assets
GfxDevice: creating device client; threaded=0
Direct3D:
    Version:  Direct3D 11.0 [level 11.0]
    Renderer: NVIDIA GeForce MX110 (ID=0x174e)
    Vendor:   
    VRAM:     2010 MB
    Driver:   27.21.14.5749
Initialize mono
Mono path[0] = 'C:/Program Files/Unity/Hub/Editor/2020.3.26f1/Editor/Data/Managed'
Mono path[1] = 'C:/Program Files/Unity/Hub/Editor/2020.3.26f1/Editor/Data/MonoBleedingEdge/lib/mono/unityjit'
Mono config path = 'C:/Program Files/Unity/Hub/Editor/2020.3.26f1/Editor/Data/MonoBleedingEdge/etc'
Using monoOptions --debugger-agent=transport=dt_socket,embedding=1,server=y,suspend=n,address=127.0.0.1:56304
Begin MonoManager ReloadAssembly
Registering precompiled unity dll's ...
Register platform support module: C:/Program Files/Unity/Hub/Editor/2020.3.26f1/Editor/Data/PlaybackEngines/WebGLSupport/UnityEditor.WebGL.Extensions.dll
Register platform support module: C:/Program Files/Unity/Hub/Editor/2020.3.26f1/Editor/Data/PlaybackEngines/WindowsStandaloneSupport/UnityEditor.WindowsStandalone.Extensions.dll
Registered in 0.002315 seconds.
Native extension for WindowsStandalone target not found
Native extension for WebGL target not found
Refreshing native plugins compatible for Editor in 56.17 ms, found 2 plugins.
Preloading 0 native plugins for Editor in 0.00 ms.
Mono: successfully reloaded assembly
- Completed reload, in  0.720 seconds
Domain Reload Profiling:
	ReloadAssembly (721ms)
		BeginReloadAssembly (63ms)
			ExecutionOrderSort (0ms)
			DisableScriptedObjects (0ms)
			BackupInstance (0ms)
			ReleaseScriptingObjects (0ms)
			CreateAndSetChildDomain (1ms)
		EndReloadAssembly (580ms)
			LoadAssemblies (61ms)
			RebuildTransferFunctionScriptingTraits (0ms)
			SetupTypeCache (182ms)
			ReleaseScriptCaches (0ms)
			RebuildScriptCaches (39ms)
			SetupLoadedEditorAssemblies (229ms)
				LogAssemblyErrors (0ms)
				InitializePlatformSupportModulesInManaged (7ms)
				SetLoadedEditorAssemblies (0ms)
				RefreshPlugins (56ms)
				BeforeProcessingInitializeOnLoad (18ms)
				ProcessInitializeOnLoadAttributes (110ms)
				ProcessInitializeOnLoadMethodAttributes (37ms)
				AfterProcessingInitializeOnLoad (0ms)
				EditorAssembliesLoaded (0ms)
			ExecutionOrderSort2 (0ms)
			AwakeInstancesAfterBackupRestoration (0ms)
Platform modules already initialized, skipping
Registering precompiled user dll's ...
Registered in 0.009672 seconds.
Begin MonoManager ReloadAssembly
Native extension for WindowsStandalone target not found
Native extension for WebGL target not found
Refreshing native plugins compatible for Editor in 0.61 ms, found 2 plugins.
Preloading 0 native plugins for Editor in 0.00 ms.
Mono: successfully reloaded assembly
- Completed reload, in  1.217 seconds
Domain Reload Profiling:
	ReloadAssembly (1218ms)
		BeginReloadAssembly (163ms)
			ExecutionOrderSort (0ms)
			DisableScriptedObjects (6ms)
			BackupInstance (0ms)
			ReleaseScriptingObjects (0ms)
			CreateAndSetChildDomain (20ms)
		EndReloadAssembly (985ms)
			LoadAssemblies (99ms)
			RebuildTransferFunctionScriptingTraits (0ms)
			SetupTypeCache (347ms)
			ReleaseScriptCaches (0ms)
			RebuildScriptCaches (60ms)
			SetupLoadedEditorAssemblies (376ms)
				LogAssemblyErrors (0ms)
				InitializePlatformSupportModulesInManaged (6ms)
				SetLoadedEditorAssemblies (1ms)
				RefreshPlugins (1ms)
				BeforeProcessingInitializeOnLoad (107ms)
				ProcessInitializeOnLoadAttributes (240ms)
				ProcessInitializeOnLoadMethodAttributes (15ms)
				AfterProcessingInitializeOnLoad (7ms)
				EditorAssembliesLoaded (0ms)
			ExecutionOrderSort2 (0ms)
			AwakeInstancesAfterBackupRestoration (7ms)
Platform modules already initialized, skipping
========================================================================
Worker process is ready to serve import requests
Launched and connected shader compiler UnityShaderCompiler.exe after 0.07 seconds
Refreshing native plugins compatible for Editor in 0.61 ms, found 2 plugins.
Preloading 0 native plugins for Editor in 0.00 ms.
Unloading 2024 Unused Serialized files (Serialized files now loaded: 0)
System memory in use before: 162.6 MB.
System memory in use after: 162.7 MB.

Unloading 45 unused Assets to reduce memory usage. Loaded Objects now: 2448.
Total: 2.965000 ms (FindLiveObjects: 0.239100 ms CreateObjectMapping: 0.073100 ms MarkObjects: 2.579900 ms  DeleteObjects: 0.071900 ms)

AssetImportParameters requested are different than current active one (requested -> active):
  custom:framework-win-MediaFoundation: 216162199b28c13a410421893ffa2e32 -> 
  custom:video-decoder-ogg-theora: a1e56fd34408186e4bbccfd4996cb3dc -> 
  custom:container-muxer-webm: aa71ff27fc2769a1b78a27578f13a17b -> 
  custom:container-demuxer-webm: 4f35f7cbe854078d1ac9338744f61a02 -> 
  custom:container-demuxer-ogg: 62fdf1f143b41e24485cea50d1cbac27 -> 
  custom:video-encoder-webm-vp8: eb34c28f22e8b96e1ab97ce403110664 -> 
  custom:video-codec-MediaFoundation-h265: 746d11721c4dcdbdad8f713fa42b33f4 -> 
  custom:video-decoder-webm-vp8: 9c59270c3fd7afecdb556c50c9e8de78 -> 
  custom:audio-decoder-ogg-vorbis: bf7c407c2cedff20999df2af8eb42d56 -> 
  custom:audio-encoder-webm-vorbis: bf7c407c2cedff20999df2af8eb42d56 -> 
========================================================================
Received Import Request.
  path: Assets/_Project/Textures/BedRoom/BedSide_Occlusion.tif
  artifactKey: Guid(6fece7bb55bcfd54c9ea204b2b93753a) Importer(815301076,1909f56bfc062723c751e8b465ee728b)
Start importing Assets/_Project/Textures/BedRoom/BedSide_Occlusion.tif using Guid(6fece7bb55bcfd54c9ea204b2b93753a) Importer(815301076,1909f56bfc062723c751e8b465ee728b)  -> (artifact id: '2078e7dbaa4578506c40810da82f6048') in 0.083452 seconds 
  Import took 0.087345 seconds .

========================================================================
Received Import Request.
  Time since last request: 0.000316 seconds.
  path: Assets/_Project/Textures/VFX/CandleFlame.tif
  artifactKey: Guid(e966fe96fc4c60f4fa9eff9e6d32ba67) Importer(815301076,1909f56bfc062723c751e8b465ee728b)
Start importing Assets/_Project/Textures/VFX/CandleFlame.tif using Guid(e966fe96fc4c60f4fa9eff9e6d32ba67) Importer(815301076,1909f56bfc062723c751e8b465ee728b)  -> (artifact id: '14c135c37bca6459822c948f7bf5cbb0') in 0.022323 seconds 
  Import took 0.026674 seconds .

========================================================================
Received Import Request.
  Time since last request: 0.000245 seconds.
  path: Assets/_Project/Textures/DiningRoom/Cthulhu_Lamp_MetallicSmooth.tif
  artifactKey: Guid(3b798118871b23b448abd87d74d29af9) Importer(815301076,1909f56bfc062723c751e8b465ee728b)
Start importing Assets/_Project/Textures/DiningRoom/Cthulhu_Lamp_MetallicSmooth.tif using Guid(3b798118871b23b448abd87d74d29af9) Importer(815301076,1909f56bfc062723c751e8b465ee728b)  -> (artifact id: 'ff68a4ee533eb9ba3e8964a22c494904') in 0.016615 seconds 
  Import took 0.021559 seconds .

========================================================================
Received Import Request.
  Time since last request: 0.000292 seconds.
  path: Assets/_Project/Textures/BathRoom/BathtubLeg_Occlusion.tif
  artifactKey: Guid(31a2f2c86823ffa4eb5240e4fec6b4ea) Importer(815301076,1909f56bfc062723c751e8b465ee728b)
Start importing Assets/_Project/Textures/BathRoom/BathtubLeg_Occlusion.tif using Guid(31a2f2c86823ffa4eb5240e4fec6b4ea) Importer(815301076,1909f56bfc062723c751e8b465ee728b)  -> (artifact id: 'fa4549ed817b1ca3d7fe48e265b85523') in 0.039749 seconds 
  Import took 0.051635 seconds .

========================================================================
Received Import Request.
  Time since last request: 0.000271 seconds.
  path: Assets/_Project/Textures/BathRoom/BathtubLeg_Normal.tif
  artifactKey: Guid(dd1469f195c1e5b478a8dc9f78cbd78e) Importer(815301076,1909f56bfc062723c751e8b465ee728b)
Start importing Assets/_Project/Textures/BathRoom/BathtubLeg_Normal.tif using Guid(dd1469f195c1e5b478a8dc9f78cbd78e) Importer(815301076,1909f56bfc062723c751e8b465ee728b)  -> (artifact id: '00ed022bad9776eec44a25b093a4f846') in 0.056521 seconds 
  Import took 0.061098 seconds .

========================================================================
Received Import Request.
  Time since last request: 0.000331 seconds.
  path: Assets/_Project/Textures/DiningRoom/Chair_Occlusion.tif
  artifactKey: Guid(25b06585b03a2d04186cd8b4f92ccc71) Importer(815301076,1909f56bfc062723c751e8b465ee728b)
Start importing Assets/_Project/Textures/DiningRoom/Chair_Occlusion.tif using Guid(25b06585b03a2d04186cd8b4f92ccc71) Importer(815301076,1909f56bfc062723c751e8b465ee728b)  -> (artifact id: 'f84912be05c1424581b1fcf2a4423429') in 0.043846 seconds 
  Import took 0.048063 seconds .

========================================================================
Received Import Request.
  Time since last request: 0.000325 seconds.
  path: Assets/_Project/Textures/BedRoom/Bed_Albedo.tif
  artifactKey: Guid(29ce91977ba80d54ba227ab8593a8156) Importer(815301076,1909f56bfc062723c751e8b465ee728b)
Start importing Assets/_Project/Textures/BedRoom/Bed_Albedo.tif using Guid(29ce91977ba80d54ba227ab8593a8156) Importer(815301076,1909f56bfc062723c751e8b465ee728b)  -> (artifact id: 'e5ffd811cde71d021827d3a1b27fecf9') in 0.053243 seconds 
  Import took 0.059357 seconds .

========================================================================
Received Import Request.
  Time since last request: 0.000330 seconds.
  path: Assets/_Project/Textures/BathRoom/Bathtub_Albedo.tif
  artifactKey: Guid(1e33795d9bd064b43bde9b8d2040802f) Importer(815301076,1909f56bfc062723c751e8b465ee728b)
Start importing Assets/_Project/Textures/BathRoom/Bathtub_Albedo.tif using Guid(1e33795d9bd064b43bde9b8d2040802f) Importer(815301076,1909f56bfc062723c751e8b465ee728b)  -> (artifact id: '43ccf4b996857be523f9c4747b96f04d') in 0.051462 seconds 
  Import took 0.056483 seconds .

========================================================================
Received Import Request.
  Time since last request: 0.000234 seconds.
  path: Assets/_Project/Textures/BedRoom/BedSide_Metalness.tif
  artifactKey: Guid(123a200c482c794458cb562b92aee752) Importer(815301076,1909f56bfc062723c751e8b465ee728b)
Start importing Assets/_Project/Textures/BedRoom/BedSide_Metalness.tif using Guid(123a200c482c794458cb562b92aee752) Importer(815301076,1909f56bfc062723c751e8b465ee728b)  -> (artifact id: 'f53e96742db4f896ab01cfb01b7e8688') in 0.050157 seconds 
  Import took 0.055676 seconds .

========================================================================
Received Import Request.
  Time since last request: 0.000431 seconds.
  path: Assets/_Project/Textures/DiningRoom/Cthulhu_Lamp_Occlusion.tif
  artifactKey: Guid(3fc488c9331779b4cb4179823da675a3) Importer(815301076,1909f56bfc062723c751e8b465ee728b)
Start importing Assets/_Project/Textures/DiningRoom/Cthulhu_Lamp_Occlusion.tif using Guid(3fc488c9331779b4cb4179823da675a3) Importer(815301076,1909f56bfc062723c751e8b465ee728b)  -> (artifact id: '11cca5a2ee770fcab029c54f2da2cfcd') in 0.050230 seconds 
  Import took 0.054658 seconds .

========================================================================
Received Import Request.
  Time since last request: 0.000216 seconds.
  path: Assets/_Project/Textures/DiningRoom/CandleStick_Normal.tif
  artifactKey: Guid(45ab703b0a5a43c4698f496148039fab) Importer(815301076,1909f56bfc062723c751e8b465ee728b)
Start importing Assets/_Project/Textures/DiningRoom/CandleStick_Normal.tif using Guid(45ab703b0a5a43c4698f496148039fab) Importer(815301076,1909f56bfc062723c751e8b465ee728b)  -> (artifact id: 'e098e74a74a6e03fe8e633176eff8f0d') in 0.051699 seconds 
  Import took 0.057439 seconds .

========================================================================
Received Import Request.
  Time since last request: 0.000353 seconds.
  path: Assets/_Project/Textures/DiningRoom/Cthulhu_Lamp_Normal.tif
  artifactKey: Guid(8bf179a14d694db4cacb3a54934ee81f) Importer(815301076,1909f56bfc062723c751e8b465ee728b)
Start importing Assets/_Project/Textures/DiningRoom/Cthulhu_Lamp_Normal.tif using Guid(8bf179a14d694db4cacb3a54934ee81f) Importer(815301076,1909f56bfc062723c751e8b465ee728b)  -> (artifact id: '93d1774460f97f566f7cd1ad17e7b2f6') in 0.051393 seconds 
  Import took 0.056647 seconds .

========================================================================
Received Import Request.
  Time since last request: 0.000227 seconds.
  path: Assets/_Project/Textures/BedRoom/BedSide_Normal.tif
  artifactKey: Guid(828152cbfdbb1bb4f8f562b6302f3f25) Importer(815301076,1909f56bfc062723c751e8b465ee728b)
Start importing Assets/_Project/Textures/BedRoom/BedSide_Normal.tif using Guid(828152cbfdbb1bb4f8f562b6302f3f25) Importer(815301076,1909f56bfc062723c751e8b465ee728b)  -> (artifact id: 'e3c0c1cfcbedfd096ac40d40a74fe958') in 0.047420 seconds 
  Import took 0.051423 seconds .

========================================================================
Received Import Request.
  Time since last request: 0.000320 seconds.
  path: Assets/_Project/Textures/BedRoom/BedSide_Albedo.tif
  artifactKey: Guid(b4d856ea788f6514cb8dc3c068fb48a9) Importer(815301076,1909f56bfc062723c751e8b465ee728b)
Start importing Assets/_Project/Textures/BedRoom/BedSide_Albedo.tif using Guid(b4d856ea788f6514cb8dc3c068fb48a9) Importer(815301076,1909f56bfc062723c751e8b465ee728b)  -> (artifact id: '19dca172adbbb1ace5fcb6a686ef7802') in 0.053482 seconds 
  Import took 0.059072 seconds .

========================================================================
Received Import Request.
  Time since last request: 0.000331 seconds.
  path: Assets/_Project/Textures/Corridor/DoorPost_Albedo.tif
  artifactKey: Guid(09fbe434f49e3d14db90d6bcc8ab8383) Importer(815301076,1909f56bfc062723c751e8b465ee728b)
Start importing Assets/_Project/Textures/Corridor/DoorPost_Albedo.tif using Guid(09fbe434f49e3d14db90d6bcc8ab8383) Importer(815301076,1909f56bfc062723c751e8b465ee728b)  -> (artifact id: 'a94948dd23c351e71f5c04fede3d514a') in 0.049586 seconds 
  Import took 0.054392 seconds .

========================================================================
Received Import Request.
  Time since last request: 0.000229 seconds.
  path: Assets/_Project/Textures/DiningRoom/Clock_Normal.tif
  artifactKey: Guid(faaba07ca4daae24f88790e6c5e1e109) Importer(815301076,1909f56bfc062723c751e8b465ee728b)
Start importing Assets/_Project/Textures/DiningRoom/Clock_Normal.tif using Guid(faaba07ca4daae24f88790e6c5e1e109) Importer(815301076,1909f56bfc062723c751e8b465ee728b)  -> (artifact id: 'a86c4dd7b2d468f30efa0523b44d286e') in 0.053258 seconds 
  Import took 0.057716 seconds .

========================================================================
Received Import Request.
  Time since last request: 0.000381 seconds.
  path: Assets/_Project/Textures/DiningRoom/Chair_MetallicSmooth.tif
  artifactKey: Guid(1b213521cd84364439c5fb030fd7aa04) Importer(815301076,1909f56bfc062723c751e8b465ee728b)
Start importing Assets/_Project/Textures/DiningRoom/Chair_MetallicSmooth.tif using Guid(1b213521cd84364439c5fb030fd7aa04) Importer(815301076,1909f56bfc062723c751e8b465ee728b)  -> (artifact id: '2668eef4e483de75797c34511953f206') in 0.050081 seconds 
  Import took 0.055095 seconds .

========================================================================
Received Import Request.
  Time since last request: 0.000324 seconds.
  path: Assets/_Project/Textures/DiningRoom/CandleStick_Occlusion.tif
  artifactKey: Guid(07355442582b14b44b9a74e5e67bbec6) Importer(815301076,1909f56bfc062723c751e8b465ee728b)
Start importing Assets/_Project/Textures/DiningRoom/CandleStick_Occlusion.tif using Guid(07355442582b14b44b9a74e5e67bbec6) Importer(815301076,1909f56bfc062723c751e8b465ee728b)  -> (artifact id: '59aa3db85cbc482c7f29c58a78b6d720') in 0.052100 seconds 
  Import took 0.057829 seconds .

========================================================================
Received Import Request.
  Time since last request: 0.000296 seconds.
  path: Assets/_Project/Textures/DiningRoom/Fireplace_MetallicSmooth.tif
  artifactKey: Guid(f632a9c02b56d5c45befbcf4bb4176aa) Importer(815301076,1909f56bfc062723c751e8b465ee728b)
Start importing Assets/_Project/Textures/DiningRoom/Fireplace_MetallicSmooth.tif using Guid(f632a9c02b56d5c45befbcf4bb4176aa) Importer(815301076,1909f56bfc062723c751e8b465ee728b)  -> (artifact id: '456cecb91e4934c80cdd2f182a0a868d') in 0.061490 seconds 
  Import took 0.067434 seconds .

========================================================================
Received Import Request.
  Time since last request: 0.000327 seconds.
  path: Assets/_Project/Textures/BedRoom/Bed_MetallicSmooth.tif
  artifactKey: Guid(e142a5b58f3559844b4be8596b56c53c) Importer(815301076,1909f56bfc062723c751e8b465ee728b)
Start importing Assets/_Project/Textures/BedRoom/Bed_MetallicSmooth.tif using Guid(e142a5b58f3559844b4be8596b56c53c) Importer(815301076,1909f56bfc062723c751e8b465ee728b)  -> (artifact id: '6a889c004715f8c7b249087f0b927580') in 0.050628 seconds 
  Import took 0.055982 seconds .

========================================================================
Received Import Request.
  Time since last request: 0.000420 seconds.
  path: Assets/_Project/Textures/BedRoom/Bed_Occlusion.tif
  artifactKey: Guid(060bae91606084849a8ee3fdc288af12) Importer(815301076,1909f56bfc062723c751e8b465ee728b)
Start importing Assets/_Project/Textures/BedRoom/Bed_Occlusion.tif using Guid(060bae91606084849a8ee3fdc288af12) Importer(815301076,1909f56bfc062723c751e8b465ee728b)  -> (artifact id: 'ae3ef6a577582fd88cf494dfc40fb557') in 0.052624 seconds 
  Import took 0.057878 seconds .

========================================================================
Received Import Request.
  Time since last request: 0.000212 seconds.
  path: Assets/_Project/Textures/BathRoom/Bathtub_Occlusion.tif
  artifactKey: Guid(a3b38686a7c75a54fa3dab70b08d6310) Importer(815301076,1909f56bfc062723c751e8b465ee728b)
Start importing Assets/_Project/Textures/BathRoom/Bathtub_Occlusion.tif using Guid(a3b38686a7c75a54fa3dab70b08d6310) Importer(815301076,1909f56bfc062723c751e8b465ee728b)  -> (artifact id: 'a41761e19da6e235096115d5d65410d9') in 0.049427 seconds 
  Import took 0.054427 seconds .

========================================================================
Received Import Request.
  Time since last request: 0.000315 seconds.
  path: Assets/_Project/Textures/BathRoom/BathtubLeg_MetallicSmooth.tif
  artifactKey: Guid(035b28d384a3fe44c96407179c34f574) Importer(815301076,1909f56bfc062723c751e8b465ee728b)
Start importing Assets/_Project/Textures/BathRoom/BathtubLeg_MetallicSmooth.tif using Guid(035b28d384a3fe44c96407179c34f574) Importer(815301076,1909f56bfc062723c751e8b465ee728b)  -> (artifact id: '65d88c1aef88c32ba9824d000dd612a3') in 0.050314 seconds 
  Import took 0.055079 seconds .

========================================================================
Received Import Request.
  Time since last request: 0.000293 seconds.
  path: Assets/_Project/Textures/DiningRoom/Chair_Normals.tif
  artifactKey: Guid(610c98ad363f4f94da068b2f4f743cb2) Importer(815301076,1909f56bfc062723c751e8b465ee728b)
Start importing Assets/_Project/Textures/DiningRoom/Chair_Normals.tif using Guid(610c98ad363f4f94da068b2f4f743cb2) Importer(815301076,1909f56bfc062723c751e8b465ee728b)  -> (artifact id: '4527629ef31586773dc097b048625a81') in 0.051434 seconds 
  Import took 0.055947 seconds .

========================================================================
Received Import Request.
  Time since last request: 0.000260 seconds.
  path: Assets/_Project/Textures/DiningRoom/Fireplace_Albedo.tif
  artifactKey: Guid(cba74aeb906dde146ae03b6b66e6ab46) Importer(815301076,1909f56bfc062723c751e8b465ee728b)
Start importing Assets/_Project/Textures/DiningRoom/Fireplace_Albedo.tif using Guid(cba74aeb906dde146ae03b6b66e6ab46) Importer(815301076,1909f56bfc062723c751e8b465ee728b)  -> (artifact id: 'a713ae4b5d3737098121bc86bd6f0d96') in 0.052818 seconds 
  Import took 0.058135 seconds .

========================================================================
Received Import Request.
  Time since last request: 0.000217 seconds.
  path: Assets/_Project/Textures/DiningRoom/Clock_Albedo.tif
  artifactKey: Guid(efe1f09805965e647a2bec8250b72349) Importer(815301076,1909f56bfc062723c751e8b465ee728b)
Start importing Assets/_Project/Textures/DiningRoom/Clock_Albedo.tif using Guid(efe1f09805965e647a2bec8250b72349) Importer(815301076,1909f56bfc062723c751e8b465ee728b)  -> (artifact id: 'fc2308196cb9eb094acf47f79a950b4d') in 0.051439 seconds 
  Import took 0.056519 seconds .

========================================================================
Received Import Request.
  Time since last request: 0.000261 seconds.
  path: Assets/_Project/Textures/DiningRoom/Cthulhu_Lamp_Albedo.tif
  artifactKey: Guid(6c90b46487020c3469499200b000cdb8) Importer(815301076,1909f56bfc062723c751e8b465ee728b)
Start importing Assets/_Project/Textures/DiningRoom/Cthulhu_Lamp_Albedo.tif using Guid(6c90b46487020c3469499200b000cdb8) Importer(815301076,1909f56bfc062723c751e8b465ee728b)  -> (artifact id: 'e74da4416005a097f47d3dd4ced429c0') in 0.049869 seconds 
  Import took 0.056365 seconds .

========================================================================
Received Import Request.
  Time since last request: 0.000259 seconds.
  path: Assets/_Project/Textures/DiningRoom/Clock_MetallicSmooth.tif
  artifactKey: Guid(18814287f2e3240419c37dd2a9abf1c4) Importer(815301076,1909f56bfc062723c751e8b465ee728b)
Start importing Assets/_Project/Textures/DiningRoom/Clock_MetallicSmooth.tif using Guid(18814287f2e3240419c37dd2a9abf1c4) Importer(815301076,1909f56bfc062723c751e8b465ee728b)  -> (artifact id: '930ac3e9c6c40c81fe28294ca5cd2298') in 0.049260 seconds 
  Import took 0.053699 seconds .

========================================================================
Received Import Request.
  Time since last request: 0.000270 seconds.
  path: Assets/_Project/Textures/DiningRoom/CandleStick_MetallicSmooth.tif
  artifactKey: Guid(772872ff7081e284fa81ffd5909bf963) Importer(815301076,1909f56bfc062723c751e8b465ee728b)
Start importing Assets/_Project/Textures/DiningRoom/CandleStick_MetallicSmooth.tif using Guid(772872ff7081e284fa81ffd5909bf963) Importer(815301076,1909f56bfc062723c751e8b465ee728b)  -> (artifact id: 'e3593114f4f0fd57b157105f2df80f36') in 0.054288 seconds 
  Import took 0.059102 seconds .

========================================================================
Received Import Request.
  Time since last request: 0.000420 seconds.
  path: Assets/_Project/Textures/Corridor/DoorPost_Occlusion.tif
  artifactKey: Guid(71b186b931fdc274dbeaeb7eb4039366) Importer(815301076,1909f56bfc062723c751e8b465ee728b)
Start importing Assets/_Project/Textures/Corridor/DoorPost_Occlusion.tif using Guid(71b186b931fdc274dbeaeb7eb4039366) Importer(815301076,1909f56bfc062723c751e8b465ee728b)  -> (artifact id: '9184a2cae1f2802c869256588d49b331') in 0.049413 seconds 
  Import took 0.054386 seconds .

========================================================================
Received Import Request.
  Time since last request: 0.000205 seconds.
  path: Assets/_Project/Textures/DiningRoom/CandleStick_Albedo.tif
  artifactKey: Guid(5cd10124400cb26478cd41db912ce90f) Importer(815301076,1909f56bfc062723c751e8b465ee728b)
Start importing Assets/_Project/Textures/DiningRoom/CandleStick_Albedo.tif using Guid(5cd10124400cb26478cd41db912ce90f) Importer(815301076,1909f56bfc062723c751e8b465ee728b)  -> (artifact id: '5654125f4d4fd9f5c34ce0623efca88f') in 0.054116 seconds 
  Import took 0.059151 seconds .

========================================================================
Received Import Request.
  Time since last request: 0.000215 seconds.
  path: Assets/_Project/Textures/BathRoom/Bathtub_Normal.tif
  artifactKey: Guid(77ca587615e748e44848958159bf200d) Importer(815301076,1909f56bfc062723c751e8b465ee728b)
Start importing Assets/_Project/Textures/BathRoom/Bathtub_Normal.tif using Guid(77ca587615e748e44848958159bf200d) Importer(815301076,1909f56bfc062723c751e8b465ee728b)  -> (artifact id: '2bac0faaae137767736b4cbaab48e476') in 0.048009 seconds 
  Import took 0.052597 seconds .

========================================================================
Received Import Request.
  Time since last request: 0.000255 seconds.
  path: Assets/_Project/Textures/DiningRoom/Clock_Occlusion.tif
  artifactKey: Guid(d47ff02a1774eaa4595a12e60aff2199) Importer(815301076,1909f56bfc062723c751e8b465ee728b)
Start importing Assets/_Project/Textures/DiningRoom/Clock_Occlusion.tif using Guid(d47ff02a1774eaa4595a12e60aff2199) Importer(815301076,1909f56bfc062723c751e8b465ee728b)  -> (artifact id: 'a7978a0d118be72bb6f2c836a0b3bc3b') in 0.050727 seconds 
  Import took 0.055782 seconds .

========================================================================
Received Import Request.
  Time since last request: 0.000281 seconds.
  path: Assets/_Project/Textures/DiningRoom/Chair_Albedo.tif
  artifactKey: Guid(0508e5cdb1034b64eaf24691319937c3) Importer(815301076,1909f56bfc062723c751e8b465ee728b)
Start importing Assets/_Project/Textures/DiningRoom/Chair_Albedo.tif using Guid(0508e5cdb1034b64eaf24691319937c3) Importer(815301076,1909f56bfc062723c751e8b465ee728b)  -> (artifact id: '2755ff39fa7002aff88a4f76ac856d52') in 0.052354 seconds 
  Import took 0.056538 seconds .

========================================================================
Received Import Request.
  Time since last request: 0.000290 seconds.
  path: Assets/_Project/Textures/BathRoom/BathtubLeg_Albedo.tif
  artifactKey: Guid(8b0c12b29315a7d4dbe2e5aeb92f67ca) Importer(815301076,1909f56bfc062723c751e8b465ee728b)
Start importing Assets/_Project/Textures/BathRoom/BathtubLeg_Albedo.tif using Guid(8b0c12b29315a7d4dbe2e5aeb92f67ca) Importer(815301076,1909f56bfc062723c751e8b465ee728b)  -> (artifact id: '70b30229b931f0f728fc4e3266c74ff4') in 0.050026 seconds 
  Import took 0.054990 seconds .

========================================================================
Received Import Request.
  Time since last request: 0.000225 seconds.
  path: Assets/External Assets/Gizmos/Cinemachine/cm_logo_lg.png
  artifactKey: Guid(d0ceea9f3e3fc1d4e8656992705ebec1) Importer(815301076,1909f56bfc062723c751e8b465ee728b)
Start importing Assets/External Assets/Gizmos/Cinemachine/cm_logo_lg.png using Guid(d0ceea9f3e3fc1d4e8656992705ebec1) Importer(815301076,1909f56bfc062723c751e8b465ee728b)  -> (artifact id: 'de9794ad240b2453ab8501d87e7c8180') in 0.056595 seconds 
  Import took 0.061448 seconds .

========================================================================
Received Import Request.
  Time since last request: 0.000229 seconds.
  path: Assets/_Project/Textures/Corridor/DoorPost_MetallicSmooth.tif
  artifactKey: Guid(d87c5e66b380a074fa2264fd4da58aa6) Importer(815301076,1909f56bfc062723c751e8b465ee728b)
Start importing Assets/_Project/Textures/Corridor/DoorPost_MetallicSmooth.tif using Guid(d87c5e66b380a074fa2264fd4da58aa6) Importer(815301076,1909f56bfc062723c751e8b465ee728b)  -> (artifact id: 'e9954a279dde4cade604b0a438c8bd9a') in 0.045606 seconds 
  Import took 0.049201 seconds .

========================================================================
Received Import Request.
  Time since last request: 0.000385 seconds.
  path: Assets/_Project/Textures/BathRoom/Bathtub_MetallicSmooth.tif
  artifactKey: Guid(d4766011bebe0f94f8852e78e1f2fadf) Importer(815301076,1909f56bfc062723c751e8b465ee728b)
Start importing Assets/_Project/Textures/BathRoom/Bathtub_MetallicSmooth.tif using Guid(d4766011bebe0f94f8852e78e1f2fadf) Importer(815301076,1909f56bfc062723c751e8b465ee728b)  -> (artifact id: '5faa7290a725bed2994481d5d62f519c') in 0.052032 seconds 
  Import took 0.057239 seconds .

========================================================================
Received Import Request.
  Time since last request: 0.000451 seconds.
  path: Assets/_Project/Textures/Corridor/DoorPost_Normal.tif
  artifactKey: Guid(a2d1d6cc4343c544394bbc5abd74dff9) Importer(815301076,1909f56bfc062723c751e8b465ee728b)
Start importing Assets/_Project/Textures/Corridor/DoorPost_Normal.tif using Guid(a2d1d6cc4343c544394bbc5abd74dff9) Importer(815301076,1909f56bfc062723c751e8b465ee728b)  -> (artifact id: '493a79cd59cb0b303ea9a276f5c0a7d1') in 0.050297 seconds 
  Import took 0.055509 seconds .

========================================================================
Received Import Request.
  Time since last request: 0.000275 seconds.
  path: Assets/_Project/Textures/BedRoom/Bed_Normal.tif
  artifactKey: Guid(6e2078e311db62b4fbe281f7e5ef27da) Importer(815301076,1909f56bfc062723c751e8b465ee728b)
Start importing Assets/_Project/Textures/BedRoom/Bed_Normal.tif using Guid(6e2078e311db62b4fbe281f7e5ef27da) Importer(815301076,1909f56bfc062723c751e8b465ee728b)  -> (artifact id: 'dcd296372f7e4e2726f188f01af3220a') in 0.059919 seconds 
  Import took 0.064869 seconds .

========================================================================
Received Import Request.
  Time since last request: 1.348395 seconds.
  path: Assets/_Project/Textures/DiningRoom/Fireplace_Normal.tif
  artifactKey: Guid(213c09988023fa74986a1bc0b4d38103) Importer(815301076,1909f56bfc062723c751e8b465ee728b)
Start importing Assets/_Project/Textures/DiningRoom/Fireplace_Normal.tif using Guid(213c09988023fa74986a1bc0b4d38103) Importer(815301076,1909f56bfc062723c751e8b465ee728b)  -> (artifact id: '3d594a7b8b6e63904c1c468ba5945156') in 0.026269 seconds 
  Import took 0.036300 seconds .

========================================================================
Received Import Request.
  Time since last request: 0.000234 seconds.
  path: Assets/_Project/Textures/BathRoom/Floor_Bathroom_Albedo.tif
  artifactKey: Guid(a8a10e9b4ea6b8846bfbf2f2f131c5c9) Importer(815301076,1909f56bfc062723c751e8b465ee728b)
Start importing Assets/_Project/Textures/BathRoom/Floor_Bathroom_Albedo.tif using Guid(a8a10e9b4ea6b8846bfbf2f2f131c5c9) Importer(815301076,1909f56bfc062723c751e8b465ee728b)  -> (artifact id: '6791082cf27dfb190bbd1c9db70feacc') in 0.061829 seconds 
  Import took 0.065829 seconds .

========================================================================
Received Import Request.
  Time since last request: 0.000264 seconds.
  path: Assets/_Project/Textures/BathRoom/Floor_Bathroom_Occlusion.tif
  artifactKey: Guid(dc3be8bea457db34987416330563d54a) Importer(815301076,1909f56bfc062723c751e8b465ee728b)
Start importing Assets/_Project/Textures/BathRoom/Floor_Bathroom_Occlusion.tif using Guid(dc3be8bea457db34987416330563d54a) Importer(815301076,1909f56bfc062723c751e8b465ee728b)  -> (artifact id: '2c71f2f55acae14ba3252c2d5d0836dd') in 0.028995 seconds 
  Import took 0.032580 seconds .

========================================================================
Received Import Request.
  Time since last request: 0.000280 seconds.
  path: Assets/_Project/Textures/BedRoom/Floor_Bedroom_Occlusion.tif
  artifactKey: Guid(6a72bdf27ba4ba14ebcc99cbd89cf631) Importer(815301076,1909f56bfc062723c751e8b465ee728b)
Start importing Assets/_Project/Textures/BedRoom/Floor_Bedroom_Occlusion.tif using Guid(6a72bdf27ba4ba14ebcc99cbd89cf631) Importer(815301076,1909f56bfc062723c751e8b465ee728b)  -> (artifact id: 'df7c5712daad8b232002521f5613fc25') in 0.023554 seconds 
  Import took 0.027241 seconds .

========================================================================
Received Import Request.
  Time since last request: 0.000320 seconds.
  path: Assets/_Project/Textures/Corridor/Floor_Corridor_Albedo.tif
  artifactKey: Guid(f5ff39d7903508740a7f4625ca6d8deb) Importer(815301076,1909f56bfc062723c751e8b465ee728b)
Start importing Assets/_Project/Textures/Corridor/Floor_Corridor_Albedo.tif using Guid(f5ff39d7903508740a7f4625ca6d8deb) Importer(815301076,1909f56bfc062723c751e8b465ee728b)  -> (artifact id: 'c0e4f6ff1283f7dd7755fbcac5efedf2') in 0.055527 seconds 
  Import took 0.061037 seconds .

========================================================================
Received Import Request.
  Time since last request: 0.000286 seconds.
  path: Assets/_Project/Textures/BedRoom/Floor_Bedroom_MetallicSmooth.tif
  artifactKey: Guid(0d1789fa8719b394dac85ee60356bb9c) Importer(815301076,1909f56bfc062723c751e8b465ee728b)
Start importing Assets/_Project/Textures/BedRoom/Floor_Bedroom_MetallicSmooth.tif using Guid(0d1789fa8719b394dac85ee60356bb9c) Importer(815301076,1909f56bfc062723c751e8b465ee728b)  -> (artifact id: 'cd193ecc3f0ce3a394acc01b8b122c0e') in 0.049295 seconds 
  Import took 0.054527 seconds .

========================================================================
Received Import Request.
  Time since last request: 0.000253 seconds.
  path: Assets/_Project/Textures/BedRoom/Floor_Bedroom_Albedo.tif
  artifactKey: Guid(56c954657cc3f50449a5c668ebf4b18c) Importer(815301076,1909f56bfc062723c751e8b465ee728b)
Start importing Assets/_Project/Textures/BedRoom/Floor_Bedroom_Albedo.tif using Guid(56c954657cc3f50449a5c668ebf4b18c) Importer(815301076,1909f56bfc062723c751e8b465ee728b)  -> (artifact id: '79319102e79d241ef3a9b55f517c1c8f') in 0.061092 seconds 
  Import took 0.067348 seconds .

========================================================================
Received Import Request.
  Time since last request: 0.000401 seconds.
  path: Assets/_Project/Textures/BathRoom/Floor_Bathroom_MetallicSmooth.tif
  artifactKey: Guid(9b75a955ca7b6b84babaa891e2ca217f) Importer(815301076,1909f56bfc062723c751e8b465ee728b)
Start importing Assets/_Project/Textures/BathRoom/Floor_Bathroom_MetallicSmooth.tif using Guid(9b75a955ca7b6b84babaa891e2ca217f) Importer(815301076,1909f56bfc062723c751e8b465ee728b)  -> (artifact id: '6e978d78b0118b1c1ba184ad6c26a02b') in 0.050492 seconds 
  Import took 0.057045 seconds .

========================================================================
Received Import Request.
  Time since last request: 0.000345 seconds.
  path: Assets/_Project/Textures/BedRoom/Floor_Bedroom_Normal.tif
  artifactKey: Guid(08c9198dcd6c19e459e53914775ecbba) Importer(815301076,1909f56bfc062723c751e8b465ee728b)
Start importing Assets/_Project/Textures/BedRoom/Floor_Bedroom_Normal.tif using Guid(08c9198dcd6c19e459e53914775ecbba) Importer(815301076,1909f56bfc062723c751e8b465ee728b)  -> (artifact id: 'c74f91eac8e25073814d11c3c73cb88d') in 0.062120 seconds 
  Import took 0.069001 seconds .

========================================================================
Received Import Request.
  Time since last request: 0.000459 seconds.
  path: Assets/_Project/Textures/Corridor/Floor_Corridor_Normal.tif
  artifactKey: Guid(1dc04ec508d282843970c5096c883ac9) Importer(815301076,1909f56bfc062723c751e8b465ee728b)
Start importing Assets/_Project/Textures/Corridor/Floor_Corridor_Normal.tif using Guid(1dc04ec508d282843970c5096c883ac9) Importer(815301076,1909f56bfc062723c751e8b465ee728b)  -> (artifact id: '8c7475ad0f7a60ad2d49f829c543e065') in 0.056408 seconds 
  Import took 0.064846 seconds .

========================================================================
Received Import Request.
  Time since last request: 0.000349 seconds.
  path: Assets/_Project/Textures/Corridor/FramedPicture_MetallicSmooth.tif
  artifactKey: Guid(98129ffddbd9e0644a0cb1b07bd530ec) Importer(815301076,1909f56bfc062723c751e8b465ee728b)
Start importing Assets/_Project/Textures/Corridor/FramedPicture_MetallicSmooth.tif using Guid(98129ffddbd9e0644a0cb1b07bd530ec) Importer(815301076,1909f56bfc062723c751e8b465ee728b)  -> (artifact id: 'bc7e012f7f1d744ede2bc23e00578851') in 0.052472 seconds 
  Import took 0.058163 seconds .

========================================================================
Received Import Request.
  Time since last request: 0.000388 seconds.
  path: Assets/_Project/Textures/Corridor/Frames_AO.tif
  artifactKey: Guid(7fca3d8aa70598c4ea6a0663f29c0772) Importer(815301076,1909f56bfc062723c751e8b465ee728b)
Start importing Assets/_Project/Textures/Corridor/Frames_AO.tif using Guid(7fca3d8aa70598c4ea6a0663f29c0772) Importer(815301076,1909f56bfc062723c751e8b465ee728b)  -> (artifact id: '163573be91c2d42c0d0c4d5e7c63d43c') in 0.059643 seconds 
  Import took 0.065941 seconds .

========================================================================
Received Import Request.
  Time since last request: 0.000402 seconds.
  path: Assets/_Project/Textures/DiningRoom/Floor_Diningroom_Normal.tif
  artifactKey: Guid(bc5dcc79315da614384872c43bc93923) Importer(815301076,1909f56bfc062723c751e8b465ee728b)
Start importing Assets/_Project/Textures/DiningRoom/Floor_Diningroom_Normal.tif using Guid(bc5dcc79315da614384872c43bc93923) Importer(815301076,1909f56bfc062723c751e8b465ee728b)  -> (artifact id: 'd73d1b960d61f7f99fa3dde6d6d2673e') in 0.058086 seconds 
  Import took 0.064855 seconds .

========================================================================
Received Import Request.
  Time since last request: 0.000357 seconds.
  path: Assets/_Project/Textures/Corridor/FramedPicture_Normal.tif
  artifactKey: Guid(9bbe29cc5db8feb4c99e20b58bd94afd) Importer(815301076,1909f56bfc062723c751e8b465ee728b)
Start importing Assets/_Project/Textures/Corridor/FramedPicture_Normal.tif using Guid(9bbe29cc5db8feb4c99e20b58bd94afd) Importer(815301076,1909f56bfc062723c751e8b465ee728b)  -> (artifact id: '6c4bfdd4aca4c4ffe88a7b9b979aadd7') in 0.053692 seconds 
  Import took 0.059422 seconds .

========================================================================
Received Import Request.
  Time since last request: 0.000294 seconds.
  path: Assets/_Project/Textures/Characters/Gargoyle_Albedo.tif
  artifactKey: Guid(a5fd5ae3aaf893e4197df481b8c9346e) Importer(815301076,1909f56bfc062723c751e8b465ee728b)
Start importing Assets/_Project/Textures/Characters/Gargoyle_Albedo.tif using Guid(a5fd5ae3aaf893e4197df481b8c9346e) Importer(815301076,1909f56bfc062723c751e8b465ee728b)  -> (artifact id: 'a1905e4ecdc1f17b2ac1d237e8928bb8') in 0.057336 seconds 
  Import took 0.064434 seconds .

========================================================================
Received Import Request.
  Time since last request: 0.000324 seconds.
  path: Assets/_Project/Textures/DiningRoom/Floor_Diningroom_Occlusion.tif
  artifactKey: Guid(08fd24a9e0dad8740a10ee143dffaa5e) Importer(815301076,1909f56bfc062723c751e8b465ee728b)
Start importing Assets/_Project/Textures/DiningRoom/Floor_Diningroom_Occlusion.tif using Guid(08fd24a9e0dad8740a10ee143dffaa5e) Importer(815301076,1909f56bfc062723c751e8b465ee728b)  -> (artifact id: '8bb3a17d8c77d218a67d51350b7bf2fa') in 0.053839 seconds 
  Import took 0.059549 seconds .

========================================================================
Received Import Request.
  Time since last request: 0.000394 seconds.
  path: Assets/_Project/Textures/DiningRoom/Floor_Diningroom_Albedo.tif
  artifactKey: Guid(daabdafdc2d4a3b4b820f224213f0035) Importer(815301076,1909f56bfc062723c751e8b465ee728b)
Start importing Assets/_Project/Textures/DiningRoom/Floor_Diningroom_Albedo.tif using Guid(daabdafdc2d4a3b4b820f224213f0035) Importer(815301076,1909f56bfc062723c751e8b465ee728b)  -> (artifact id: '2ab9f0fe0a3a9ac4df7b8a5a009804a5') in 0.056453 seconds 
  Import took 0.062745 seconds .

========================================================================
Received Import Request.
  Time since last request: 0.000362 seconds.
  path: Assets/_Project/Textures/DiningRoom/Floor_Diningroom_MetallicSmooth.tif
  artifactKey: Guid(b619d081df43cab4c8bb698f67effe3e) Importer(815301076,1909f56bfc062723c751e8b465ee728b)
Start importing Assets/_Project/Textures/DiningRoom/Floor_Diningroom_MetallicSmooth.tif using Guid(b619d081df43cab4c8bb698f67effe3e) Importer(815301076,1909f56bfc062723c751e8b465ee728b)  -> (artifact id: '9ac59de55897a95acfc485ab7cbbf508') in 0.056777 seconds 
  Import took 0.061922 seconds .

========================================================================
Received Import Request.
  Time since last request: 0.000308 seconds.
  path: Assets/_Project/Textures/Characters/Gargoyle_MetallicSmooth.tif
  artifactKey: Guid(feedc85e522b87b4aa5051553a71fc2a) Importer(815301076,1909f56bfc062723c751e8b465ee728b)
Start importing Assets/_Project/Textures/Characters/Gargoyle_MetallicSmooth.tif using Guid(feedc85e522b87b4aa5051553a71fc2a) Importer(815301076,1909f56bfc062723c751e8b465ee728b)  -> (artifact id: '75a431614b2952dcecf74b2fb92c2e64') in 0.057293 seconds 
  Import took 0.064158 seconds .

========================================================================
Received Import Request.
  Time since last request: 0.000349 seconds.
  path: Assets/_Project/Textures/Corridor/FramedPicture_Occlusion.tif
  artifactKey: Guid(8cf5d7fc034b58d4aaab39e5037b538b) Importer(815301076,1909f56bfc062723c751e8b465ee728b)
Start importing Assets/_Project/Textures/Corridor/FramedPicture_Occlusion.tif using Guid(8cf5d7fc034b58d4aaab39e5037b538b) Importer(815301076,1909f56bfc062723c751e8b465ee728b)  -> (artifact id: 'c1b39a8cbca18ecc511a8292fb8a6ef8') in 0.059563 seconds 
  Import took 0.068641 seconds .

========================================================================
Received Import Request.
  Time since last request: 0.000311 seconds.
  path: Assets/_Project/Textures/DiningRoom/Fireplace_Occlusion.tif
  artifactKey: Guid(8d729759afba04b47b3d471f834893af) Importer(815301076,1909f56bfc062723c751e8b465ee728b)
Start importing Assets/_Project/Textures/DiningRoom/Fireplace_Occlusion.tif using Guid(8d729759afba04b47b3d471f834893af) Importer(815301076,1909f56bfc062723c751e8b465ee728b)  -> (artifact id: 'b8319992a4c92d5f9399414ccf98ad54') in 0.053906 seconds 
  Import took 0.062033 seconds .

========================================================================
Received Import Request.
  Time since last request: 0.000343 seconds.
  path: Assets/_Project/Textures/Corridor/Frames_Albedo.tif
  artifactKey: Guid(8283eafe37c0a154b8ce521e98c75241) Importer(815301076,1909f56bfc062723c751e8b465ee728b)
Start importing Assets/_Project/Textures/Corridor/Frames_Albedo.tif using Guid(8283eafe37c0a154b8ce521e98c75241) Importer(815301076,1909f56bfc062723c751e8b465ee728b)  -> (artifact id: '9a06391efa7ce8da1562e23486b994ee') in 0.053318 seconds 
  Import took 0.058900 seconds .

========================================================================
Received Import Request.
  Time since last request: 0.000309 seconds.
  path: Assets/_Project/Textures/Characters/Gargoyle_Normal.tif
  artifactKey: Guid(34c958df8066e254c9fe19021fb928f7) Importer(815301076,1909f56bfc062723c751e8b465ee728b)
Start importing Assets/_Project/Textures/Characters/Gargoyle_Normal.tif using Guid(34c958df8066e254c9fe19021fb928f7) Importer(815301076,1909f56bfc062723c751e8b465ee728b)  -> (artifact id: '182073e79e60bb17ca2c41ea1b3e8064') in 0.056885 seconds 
  Import took 0.062521 seconds .

========================================================================
Received Import Request.
  Time since last request: 0.000351 seconds.
  path: Assets/_Project/Textures/Corridor/Floor_Corridor_Occlusion.tif
  artifactKey: Guid(19dbd5766a358144d94e26ebae51f186) Importer(815301076,1909f56bfc062723c751e8b465ee728b)
Start importing Assets/_Project/Textures/Corridor/Floor_Corridor_Occlusion.tif using Guid(19dbd5766a358144d94e26ebae51f186) Importer(815301076,1909f56bfc062723c751e8b465ee728b)  -> (artifact id: '0aca7004d23ca2681692696353b9e7ff') in 0.054171 seconds 
  Import took 0.060311 seconds .

========================================================================
Received Import Request.
  Time since last request: 0.000275 seconds.
  path: Assets/_Project/Textures/BathRoom/Floor_Bathroom_Gloss.tif
  artifactKey: Guid(7aac3d8b683cb714a8401a466f41f189) Importer(815301076,1909f56bfc062723c751e8b465ee728b)
Start importing Assets/_Project/Textures/BathRoom/Floor_Bathroom_Gloss.tif using Guid(7aac3d8b683cb714a8401a466f41f189) Importer(815301076,1909f56bfc062723c751e8b465ee728b)  -> (artifact id: '7e3431d2315bd16d4c08226db884c36c') in 0.057092 seconds 
  Import took 0.063542 seconds .

========================================================================
Received Import Request.
  Time since last request: 0.000351 seconds.
  path: Assets/_Project/Textures/Corridor/Frames_Normal.tif
  artifactKey: Guid(585fa23f6bb9db04bac7d2fb3e3847eb) Importer(815301076,1909f56bfc062723c751e8b465ee728b)
Start importing Assets/_Project/Textures/Corridor/Frames_Normal.tif using Guid(585fa23f6bb9db04bac7d2fb3e3847eb) Importer(815301076,1909f56bfc062723c751e8b465ee728b)  -> (artifact id: '279dca42a15a8a8696fed71c4ee6b91c') in 0.056011 seconds 
  Import took 0.062140 seconds .

========================================================================
Received Import Request.
  Time since last request: 0.000373 seconds.
  path: Assets/_Project/Textures/Characters/Ghost_Normal.tif
  artifactKey: Guid(b2bf2fce6ac5acf41b89f5759488edae) Importer(815301076,1909f56bfc062723c751e8b465ee728b)
Start importing Assets/_Project/Textures/Characters/Ghost_Normal.tif using Guid(b2bf2fce6ac5acf41b89f5759488edae) Importer(815301076,1909f56bfc062723c751e8b465ee728b)  -> (artifact id: 'cb02d6eb925cba1cedf6eba5c79f420e') in 0.054414 seconds 
  Import took 0.062024 seconds .

========================================================================
Received Import Request.
  Time since last request: 0.000313 seconds.
  path: Assets/_Project/Textures/Characters/JohnLemon_Occlusion.tif
  artifactKey: Guid(8add9c3ea34c3964f85be4cf3f251a6d) Importer(815301076,1909f56bfc062723c751e8b465ee728b)
Start importing Assets/_Project/Textures/Characters/JohnLemon_Occlusion.tif using Guid(8add9c3ea34c3964f85be4cf3f251a6d) Importer(815301076,1909f56bfc062723c751e8b465ee728b)  -> (artifact id: '935d2b2e93057c5992762d155a59b9ef') in 0.056579 seconds 
  Import took 0.063841 seconds .

========================================================================
Received Import Request.
  Time since last request: 0.000405 seconds.
  path: Assets/_Project/Textures/Corridor/Light_MetallicSmooth.tif
  artifactKey: Guid(9f3edd81529cce04494e693ad0887e84) Importer(815301076,1909f56bfc062723c751e8b465ee728b)
Start importing Assets/_Project/Textures/Corridor/Light_MetallicSmooth.tif using Guid(9f3edd81529cce04494e693ad0887e84) Importer(815301076,1909f56bfc062723c751e8b465ee728b)  -> (artifact id: '968582f07d0d48bd0a4690ad203d6bfe') in 0.058455 seconds 
  Import took 0.065818 seconds .

========================================================================
Received Import Request.
  Time since last request: 0.000416 seconds.
  path: Assets/_Project/Textures/Corridor/Light_Occlusion.tif
  artifactKey: Guid(d76c7a9a85279b048b93119b0a0a3c7a) Importer(815301076,1909f56bfc062723c751e8b465ee728b)
Start importing Assets/_Project/Textures/Corridor/Light_Occlusion.tif using Guid(d76c7a9a85279b048b93119b0a0a3c7a) Importer(815301076,1909f56bfc062723c751e8b465ee728b)  -> (artifact id: 'cd565b10251d3495532ff770b017e551') in 0.063013 seconds 
  Import took 0.070453 seconds .

========================================================================
Received Import Request.
  Time since last request: 0.000325 seconds.
  path: Assets/_Project/Textures/BathRoom/Mirror_Normal.tif
  artifactKey: Guid(f39e87291c3236f4fb7f42c125ce2502) Importer(815301076,1909f56bfc062723c751e8b465ee728b)
Start importing Assets/_Project/Textures/BathRoom/Mirror_Normal.tif using Guid(f39e87291c3236f4fb7f42c125ce2502) Importer(815301076,1909f56bfc062723c751e8b465ee728b)  -> (artifact id: '4511b1316736f7b2ef3cc2d1e21ad814') in 0.059821 seconds 
  Import took 0.066790 seconds .

========================================================================
Received Import Request.
  Time since last request: 0.000453 seconds.
  path: Assets/_Project/Textures/BathRoom/mirror_occlusion.tif
  artifactKey: Guid(68cb3c2f0ee1dfa4a93994cbe79d0f20) Importer(815301076,1909f56bfc062723c751e8b465ee728b)
Start importing Assets/_Project/Textures/BathRoom/mirror_occlusion.tif using Guid(68cb3c2f0ee1dfa4a93994cbe79d0f20) Importer(815301076,1909f56bfc062723c751e8b465ee728b)  -> (artifact id: '384348d593e65c334f14e17d28b2e190') in 0.063966 seconds 
  Import took 0.072429 seconds .

========================================================================
Received Import Request.
  Time since last request: 0.000461 seconds.
  path: Assets/_Project/Textures/Characters/Ghost_RimMask.tif
  artifactKey: Guid(0460363c9d54fe24a8f22455cba27fd0) Importer(815301076,1909f56bfc062723c751e8b465ee728b)
Start importing Assets/_Project/Textures/Characters/Ghost_RimMask.tif using Guid(0460363c9d54fe24a8f22455cba27fd0) Importer(815301076,1909f56bfc062723c751e8b465ee728b)  -> (artifact id: '45d55673b5b16b4afdc2ad5d1a08750c') in 0.082642 seconds 
  Import took 0.093535 seconds .

========================================================================
Received Import Request.
  Time since last request: 0.000699 seconds.
  path: Assets/_Project/Textures/Characters/Ghost_Albedo.tif
  artifactKey: Guid(ffa3bbfb0a2a37740aec32cc4f3ed28c) Importer(815301076,1909f56bfc062723c751e8b465ee728b)
Start importing Assets/_Project/Textures/Characters/Ghost_Albedo.tif using Guid(ffa3bbfb0a2a37740aec32cc4f3ed28c) Importer(815301076,1909f56bfc062723c751e8b465ee728b)  -> (artifact id: '9c65682ee01d8e1dccb8e2541028ecb5') in 0.079316 seconds 
  Import took 0.092607 seconds .

========================================================================
Received Import Request.
  Time since last request: 0.000404 seconds.
  path: Assets/_Project/Textures/Corridor/Light_Albedo.tif
  artifactKey: Guid(d25150811c8ba0c4b9d1fdcf72d3b54d) Importer(815301076,1909f56bfc062723c751e8b465ee728b)
Start importing Assets/_Project/Textures/Corridor/Light_Albedo.tif using Guid(d25150811c8ba0c4b9d1fdcf72d3b54d) Importer(815301076,1909f56bfc062723c751e8b465ee728b)  -> (artifact id: 'b829903e2ddbd295c693efa40c6ae70b') in 0.079919 seconds 
  Import took 0.089459 seconds .

========================================================================
Received Import Request.
  Time since last request: 0.000503 seconds.
  path: Assets/_Project/Textures/Characters/Ghost_Occlusion.tif
  artifactKey: Guid(d0a98f268b60d0441ae4e70dc8560a5c) Importer(815301076,1909f56bfc062723c751e8b465ee728b)
Start importing Assets/_Project/Textures/Characters/Ghost_Occlusion.tif using Guid(d0a98f268b60d0441ae4e70dc8560a5c) Importer(815301076,1909f56bfc062723c751e8b465ee728b)  -> (artifact id: '1eac87ae1320f5d39cc3cb7302f1e0ce') in 0.091075 seconds 
  Import took 0.099352 seconds .

========================================================================
Received Import Request.
  Time since last request: 0.000373 seconds.
  path: Assets/_Project/Textures/Corridor/Light_Normal.tif
  artifactKey: Guid(94b0af9e2dc9dc144a9fee2252e35c5d) Importer(815301076,1909f56bfc062723c751e8b465ee728b)
Start importing Assets/_Project/Textures/Corridor/Light_Normal.tif using Guid(94b0af9e2dc9dc144a9fee2252e35c5d) Importer(815301076,1909f56bfc062723c751e8b465ee728b)  -> (artifact id: 'e039fa249c44a9f47331ff0076b73cb9') in 0.083093 seconds 
  Import took 0.090936 seconds .

========================================================================
Received Import Request.
  Time since last request: 0.000477 seconds.
  path: Assets/_Project/Textures/Characters/Gargoyle_Occlusion.tif
  artifactKey: Guid(d3bc81db12f03c84091f40384beda6c8) Importer(815301076,1909f56bfc062723c751e8b465ee728b)
Start importing Assets/_Project/Textures/Characters/Gargoyle_Occlusion.tif using Guid(d3bc81db12f03c84091f40384beda6c8) Importer(815301076,1909f56bfc062723c751e8b465ee728b)  -> (artifact id: '01b40b4e2378eec5234dec1b0967f636') in 0.080109 seconds 
  Import took 0.088791 seconds .

========================================================================
Received Import Request.
  Time since last request: 0.000427 seconds.
  path: Assets/_Project/Textures/BathRoom/Radiator_MetallicSmooth.tif
  artifactKey: Guid(6ff967b7e855f1c4aa4bf8f6a2bee20e) Importer(815301076,1909f56bfc062723c751e8b465ee728b)
Start importing Assets/_Project/Textures/BathRoom/Radiator_MetallicSmooth.tif using Guid(6ff967b7e855f1c4aa4bf8f6a2bee20e) Importer(815301076,1909f56bfc062723c751e8b465ee728b)  -> (artifact id: '541455ed5514b61cb179515e77af0df7') in 0.054119 seconds 
  Import took 0.060875 seconds .

========================================================================
Received Import Request.
  Time since last request: 0.000341 seconds.
  path: Assets/_Project/Textures/BathRoom/Pipe_Normal.tif
  artifactKey: Guid(a9fc6e48f7f8fe8438c73bb972362259) Importer(815301076,1909f56bfc062723c751e8b465ee728b)
Start importing Assets/_Project/Textures/BathRoom/Pipe_Normal.tif using Guid(a9fc6e48f7f8fe8438c73bb972362259) Importer(815301076,1909f56bfc062723c751e8b465ee728b)  -> (artifact id: '1c4701fe4242de66ef771a77b26c5dcd') in 0.084293 seconds 
  Import took 0.092476 seconds .

========================================================================
Received Import Request.
  Time since last request: 0.000500 seconds.
  path: Assets/_Project/Textures/BathRoom/Pipe_Albedo.tif
  artifactKey: Guid(c23a3b7843be84e419da985a358671d9) Importer(815301076,1909f56bfc062723c751e8b465ee728b)
Start importing Assets/_Project/Textures/BathRoom/Pipe_Albedo.tif using Guid(c23a3b7843be84e419da985a358671d9) Importer(815301076,1909f56bfc062723c751e8b465ee728b)  -> (artifact id: '8c9bf5f2ec11182b4eabe326f30e3cac') in 0.083225 seconds 
  Import took 0.091770 seconds .

========================================================================
Received Import Request.
  Time since last request: 0.000720 seconds.
  path: Assets/_Project/Textures/BathRoom/Pipe_MetallicSmooth.tif
  artifactKey: Guid(7da4809b977474d4695da2f3933ff430) Importer(815301076,1909f56bfc062723c751e8b465ee728b)
Start importing Assets/_Project/Textures/BathRoom/Pipe_MetallicSmooth.tif using Guid(7da4809b977474d4695da2f3933ff430) Importer(815301076,1909f56bfc062723c751e8b465ee728b)  -> (artifact id: 'e4122d04527ff1555b8fb8bbd4560af4') in 0.074994 seconds 
  Import took 0.084866 seconds .

========================================================================
Received Import Request.
  Time since last request: 0.000519 seconds.
  path: Assets/_Project/Textures/Corridor/Light_Emissive.tif
  artifactKey: Guid(f50ecdc1b08817e489a2944858f87688) Importer(815301076,1909f56bfc062723c751e8b465ee728b)
Start importing Assets/_Project/Textures/Corridor/Light_Emissive.tif using Guid(f50ecdc1b08817e489a2944858f87688) Importer(815301076,1909f56bfc062723c751e8b465ee728b)  -> (artifact id: 'c53ef969048a498e39f7cd38370bc4ea') in 0.080287 seconds 
  Import took 0.089458 seconds .

========================================================================
Received Import Request.
  Time since last request: 0.000334 seconds.
  path: Assets/_Project/Textures/Characters/Ghost_Emissive.tif
  artifactKey: Guid(be14171909e301d4c8c926d395216a01) Importer(815301076,1909f56bfc062723c751e8b465ee728b)
Start importing Assets/_Project/Textures/Characters/Ghost_Emissive.tif using Guid(be14171909e301d4c8c926d395216a01) Importer(815301076,1909f56bfc062723c751e8b465ee728b)  -> (artifact id: '06ac51907a9ef44fef25e705efe98054') in 0.019439 seconds 
  Import took 0.024715 seconds .

========================================================================
Received Import Request.
  Time since last request: 0.000311 seconds.
  path: Assets/_Project/Textures/BathRoom/Mirror_MetallicSmooth.tif
  artifactKey: Guid(f2897444e56a62f45813d612a9ae6726) Importer(815301076,1909f56bfc062723c751e8b465ee728b)
Start importing Assets/_Project/Textures/BathRoom/Mirror_MetallicSmooth.tif using Guid(f2897444e56a62f45813d612a9ae6726) Importer(815301076,1909f56bfc062723c751e8b465ee728b)  -> (artifact id: '7204627c21b877d8ab202858b7fa21ee') in 0.059473 seconds 
  Import took 0.069918 seconds .

========================================================================
Received Import Request.
  Time since last request: 0.000442 seconds.
  path: Assets/_Project/Textures/BathRoom/Pipe_Occlusion.tif
  artifactKey: Guid(3b84af017fcbb4e4a9adbd89a6ed81c8) Importer(815301076,1909f56bfc062723c751e8b465ee728b)
Start importing Assets/_Project/Textures/BathRoom/Pipe_Occlusion.tif using Guid(3b84af017fcbb4e4a9adbd89a6ed81c8) Importer(815301076,1909f56bfc062723c751e8b465ee728b)  -> (artifact id: '2c999a027720aee538ccd507cfde0b00') in 0.075304 seconds 
  Import took 0.084255 seconds .

========================================================================
Received Import Request.
  Time since last request: 0.000416 seconds.
  path: Assets/_Project/Textures/BathRoom/Radiator_Albedo.tif
  artifactKey: Guid(95f8df1446ab7df4d84388b4897b6445) Importer(815301076,1909f56bfc062723c751e8b465ee728b)
Start importing Assets/_Project/Textures/BathRoom/Radiator_Albedo.tif using Guid(95f8df1446ab7df4d84388b4897b6445) Importer(815301076,1909f56bfc062723c751e8b465ee728b)  -> (artifact id: '56d7355d6d838a73c93b591c1e10f88d') in 0.084001 seconds 
  Import took 0.095399 seconds .

========================================================================
Received Import Request.
  Time since last request: 0.000540 seconds.
  path: Assets/_Project/Textures/BathRoom/Radiator_Normal.tif
  artifactKey: Guid(0106aeee9b63e1043a45c32b560576de) Importer(815301076,1909f56bfc062723c751e8b465ee728b)
Start importing Assets/_Project/Textures/BathRoom/Radiator_Normal.tif using Guid(0106aeee9b63e1043a45c32b560576de) Importer(815301076,1909f56bfc062723c751e8b465ee728b)  -> (artifact id: 'ebc43e58c7f2feec517248fc72cf296c') in 0.075884 seconds 
  Import took 0.084742 seconds .

========================================================================
Received Import Request.
  Time since last request: 0.000371 seconds.
  path: Assets/_Project/Textures/VFX/perlinNoise.png
  artifactKey: Guid(1ea576fbbfaeef64ca6136d38ccca74e) Importer(815301076,1909f56bfc062723c751e8b465ee728b)
Start importing Assets/_Project/Textures/VFX/perlinNoise.png using Guid(1ea576fbbfaeef64ca6136d38ccca74e) Importer(815301076,1909f56bfc062723c751e8b465ee728b)  -> (artifact id: 'a49de37693b6a316bc0e723e03577586') in 0.080836 seconds 
  Import took 0.088722 seconds .

========================================================================
Received Import Request.
  Time since last request: 0.000363 seconds.
  path: Assets/_Project/Textures/BathRoom/Floor_Bathroom_Normal.tif
  artifactKey: Guid(d028a69709938384faa0084792e6973c) Importer(815301076,1909f56bfc062723c751e8b465ee728b)
Start importing Assets/_Project/Textures/BathRoom/Floor_Bathroom_Normal.tif using Guid(d028a69709938384faa0084792e6973c) Importer(815301076,1909f56bfc062723c751e8b465ee728b)  -> (artifact id: '2426ce53062ede3026b6431e831770d6') in 0.080882 seconds 
  Import took 0.093721 seconds .

========================================================================
Received Import Request.
  Time since last request: 0.000624 seconds.
  path: Assets/_Project/Textures/Corridor/Floor_Corridor_MetallicSmooth.tif
  artifactKey: Guid(ca6d89227d3939240a158a5fde973920) Importer(815301076,1909f56bfc062723c751e8b465ee728b)
Start importing Assets/_Project/Textures/Corridor/Floor_Corridor_MetallicSmooth.tif using Guid(ca6d89227d3939240a158a5fde973920) Importer(815301076,1909f56bfc062723c751e8b465ee728b)  -> (artifact id: '8b21fb0eaec1db324937fe0cfe260cbb') in 0.053432 seconds 
  Import took 0.060937 seconds .

========================================================================
Received Import Request.
  Time since last request: 0.000291 seconds.
  path: Assets/_Project/Textures/BathRoom/Mirror_Albedo.tif
  artifactKey: Guid(8416b46c71de4b1479e04f4341995028) Importer(815301076,1909f56bfc062723c751e8b465ee728b)
Start importing Assets/_Project/Textures/BathRoom/Mirror_Albedo.tif using Guid(8416b46c71de4b1479e04f4341995028) Importer(815301076,1909f56bfc062723c751e8b465ee728b)  -> (artifact id: '0c3ae8ee3bcd11bfec366a28c1c554cd') in 0.082318 seconds 
  Import took 0.090555 seconds .

========================================================================
Received Import Request.
  Time since last request: 8.440897 seconds.
  path: Assets/_Project/Textures/BathRoom/Radiator_Occlusion.tif
  artifactKey: Guid(4852ba63fbf302f45a42b3fd12bedad1) Importer(815301076,1909f56bfc062723c751e8b465ee728b)
Start importing Assets/_Project/Textures/BathRoom/Radiator_Occlusion.tif using Guid(4852ba63fbf302f45a42b3fd12bedad1) Importer(815301076,1909f56bfc062723c751e8b465ee728b)  -> (artifact id: 'b3db7f79159cf8cde7c9736f7d5a7baa') in 0.019848 seconds 
  Import took 0.023791 seconds .

========================================================================
Received Import Request.
  Time since last request: 0.000277 seconds.
  path: Assets/_Project/Textures/BathRoom/Sink_MetallicSmooth.tif
  artifactKey: Guid(21c4410ea00f38b40854a36ae65ad2f0) Importer(815301076,1909f56bfc062723c751e8b465ee728b)
Start importing Assets/_Project/Textures/BathRoom/Sink_MetallicSmooth.tif using Guid(21c4410ea00f38b40854a36ae65ad2f0) Importer(815301076,1909f56bfc062723c751e8b465ee728b)  -> (artifact id: 'c41b1bc91223278cf22d990e2b6a03e4') in 0.042059 seconds 
  Import took 0.045665 seconds .

========================================================================
Received Import Request.
  Time since last request: 0.000352 seconds.
  path: Assets/_Project/Textures/BathRoom/Sink_Albedo.tif
  artifactKey: Guid(e8b794424ae3f764ea7f07160bf25e48) Importer(815301076,1909f56bfc062723c751e8b465ee728b)
Start importing Assets/_Project/Textures/BathRoom/Sink_Albedo.tif using Guid(e8b794424ae3f764ea7f07160bf25e48) Importer(815301076,1909f56bfc062723c751e8b465ee728b)  -> (artifact id: '7abbb0140313c5e658b153899757f7cd') in 0.029571 seconds 
  Import took 0.033785 seconds .

========================================================================
Received Import Request.
  Time since last request: 0.000288 seconds.
  path: Assets/_Project/Textures/VFX/SplatNormal.tif
  artifactKey: Guid(0660389cc5a6f4947997407fb6945fa1) Importer(815301076,1909f56bfc062723c751e8b465ee728b)
Start importing Assets/_Project/Textures/VFX/SplatNormal.tif using Guid(0660389cc5a6f4947997407fb6945fa1) Importer(815301076,1909f56bfc062723c751e8b465ee728b)  -> (artifact id: '95a81b7a83f40a41e3349758dabc3117') in 0.021548 seconds 
  Import took 0.025418 seconds .

========================================================================
Received Import Request.
  Time since last request: 0.000289 seconds.
  path: Assets/_Project/Textures/BathRoom/Sink_Occlusion.tif
  artifactKey: Guid(5a4b9c727bc292047b9323681ad6ebd8) Importer(815301076,1909f56bfc062723c751e8b465ee728b)
Start importing Assets/_Project/Textures/BathRoom/Sink_Occlusion.tif using Guid(5a4b9c727bc292047b9323681ad6ebd8) Importer(815301076,1909f56bfc062723c751e8b465ee728b)  -> (artifact id: '97d75cf9726ca60be8a1a608ef5f36fa') in 0.054985 seconds 
  Import took 0.060639 seconds .

========================================================================
Received Import Request.
  Time since last request: 0.000221 seconds.
  path: Assets/_Project/Textures/VFX/Splash04Normal.tif
  artifactKey: Guid(73e81e5a6e5b6874582e6c6d405d7491) Importer(815301076,1909f56bfc062723c751e8b465ee728b)
Start importing Assets/_Project/Textures/VFX/Splash04Normal.tif using Guid(73e81e5a6e5b6874582e6c6d405d7491) Importer(815301076,1909f56bfc062723c751e8b465ee728b)  -> (artifact id: 'fc75cd3f4dbe35cb82bf56e09532ca18') in 0.058647 seconds 
  Import took 0.063421 seconds .

========================================================================
Received Import Request.
  Time since last request: 0.000331 seconds.
  path: Assets/_Project/Textures/VFX/ToonRampTint3.png
  artifactKey: Guid(168056ae1bacc2f4bb7ae2884953be86) Importer(815301076,1909f56bfc062723c751e8b465ee728b)
Start importing Assets/_Project/Textures/VFX/ToonRampTint3.png using Guid(168056ae1bacc2f4bb7ae2884953be86) Importer(815301076,1909f56bfc062723c751e8b465ee728b)  -> (artifact id: 'c7dd90f404d90808d0592df96cd08ac4') in 0.060060 seconds 
  Import took 0.065540 seconds .

========================================================================
Received Import Request.
  Time since last request: 0.000360 seconds.
  path: Assets/_Project/Textures/DiningRoom/Table_Normal.tif
  artifactKey: Guid(c86f2b3234c0cf9488a549c8d3b6f199) Importer(815301076,1909f56bfc062723c751e8b465ee728b)
Start importing Assets/_Project/Textures/DiningRoom/Table_Normal.tif using Guid(c86f2b3234c0cf9488a549c8d3b6f199) Importer(815301076,1909f56bfc062723c751e8b465ee728b)  -> (artifact id: '64560b7477db9be470e11ef57062a24f') in 0.060303 seconds 
  Import took 0.065574 seconds .

========================================================================
Received Import Request.
  Time since last request: 0.000367 seconds.
  path: Assets/_Project/Textures/VFX/test light.tif
  artifactKey: Guid(a883414da9be470488ae90f8b6e24623) Importer(815301076,1909f56bfc062723c751e8b465ee728b)
Start importing Assets/_Project/Textures/VFX/test light.tif using Guid(a883414da9be470488ae90f8b6e24623) Importer(815301076,1909f56bfc062723c751e8b465ee728b)  -> (artifact id: '07e421d24eaa2f0d938a3a8b28816901') in 0.056065 seconds 
  Import took 0.062015 seconds .

========================================================================
Received Import Request.
  Time since last request: 0.000418 seconds.
  path: Assets/_Project/Textures/VFX/ToonRampTint.png
  artifactKey: Guid(81629b706369fc1429f23a6399cdef01) Importer(815301076,1909f56bfc062723c751e8b465ee728b)
Start importing Assets/_Project/Textures/VFX/ToonRampTint.png using Guid(81629b706369fc1429f23a6399cdef01) Importer(815301076,1909f56bfc062723c751e8b465ee728b)  -> (artifact id: '0cf28c3953cb11c44edbc20d693f075f') in 0.056442 seconds 
  Import took 0.062716 seconds .

========================================================================
Received Import Request.
  Time since last request: 0.000364 seconds.
  path: Assets/_Project/Textures/BathRoom/Sink_Normal.tif
  artifactKey: Guid(23f65d9c07a8f734a9303a1b91f19e39) Importer(815301076,1909f56bfc062723c751e8b465ee728b)
Start importing Assets/_Project/Textures/BathRoom/Sink_Normal.tif using Guid(23f65d9c07a8f734a9303a1b91f19e39) Importer(815301076,1909f56bfc062723c751e8b465ee728b)  -> (artifact id: '5ec37cd1b0e37d8c8779d636cae5a5a5') in 0.069077 seconds 
  Import took 0.077813 seconds .

========================================================================
Received Import Request.
  Time since last request: 0.000492 seconds.
  path: Assets/_Project/Textures/VFX/SphereAlbedo.tif
  artifactKey: Guid(feebd9fe3a61f384286140f9201d038d) Importer(815301076,1909f56bfc062723c751e8b465ee728b)
Start importing Assets/_Project/Textures/VFX/SphereAlbedo.tif using Guid(feebd9fe3a61f384286140f9201d038d) Importer(815301076,1909f56bfc062723c751e8b465ee728b)  -> (artifact id: '18978b00a1830f55b11070ae8058492b') in 0.051519 seconds 
  Import took 0.058068 seconds .

========================================================================
Received Import Request.
  Time since last request: 0.000311 seconds.
  path: Assets/_Project/Textures/DiningRoom/Rug_Occlusion.tif
  artifactKey: Guid(e65e9bbfc83d7584ba2dd378cfe4f98b) Importer(815301076,1909f56bfc062723c751e8b465ee728b)
Start importing Assets/_Project/Textures/DiningRoom/Rug_Occlusion.tif using Guid(e65e9bbfc83d7584ba2dd378cfe4f98b) Importer(815301076,1909f56bfc062723c751e8b465ee728b)  -> (artifact id: 'e3b6106b6bea1bbf55214b70f7dcd1ef') in 0.054017 seconds 
  Import took 0.059327 seconds .

========================================================================
Received Import Request.
  Time since last request: 0.000306 seconds.
  path: Assets/_Project/Textures/BedRoom/Wall_Bedroom_MetallicSmooth.tif
  artifactKey: Guid(1851897a7b3cb3b40b51ccea727ee4c6) Importer(815301076,1909f56bfc062723c751e8b465ee728b)
Start importing Assets/_Project/Textures/BedRoom/Wall_Bedroom_MetallicSmooth.tif using Guid(1851897a7b3cb3b40b51ccea727ee4c6) Importer(815301076,1909f56bfc062723c751e8b465ee728b)  -> (artifact id: '04b296e401fdc817516bdc1ab63c77d0') in 0.057968 seconds 
  Import took 0.064508 seconds .

========================================================================
Received Import Request.
  Time since last request: 0.000350 seconds.
  path: Assets/_Project/Textures/BedRoom/Wall_Bedroom_Normal.tif
  artifactKey: Guid(bffa1362c76c6124fa3804d5176eef0d) Importer(815301076,1909f56bfc062723c751e8b465ee728b)
Start importing Assets/_Project/Textures/BedRoom/Wall_Bedroom_Normal.tif using Guid(bffa1362c76c6124fa3804d5176eef0d) Importer(815301076,1909f56bfc062723c751e8b465ee728b)  -> (artifact id: '01003ea3dca7d39557a3cf3c7293ca46') in 0.061007 seconds 
  Import took 0.067322 seconds .

========================================================================
Received Import Request.
  Time since last request: 0.000317 seconds.
  path: Assets/_Project/Textures/Corridor/Wall_Corridor_Normal.tif
  artifactKey: Guid(f4292c2b9fae94f4183427d0db23330d) Importer(815301076,1909f56bfc062723c751e8b465ee728b)
Start importing Assets/_Project/Textures/Corridor/Wall_Corridor_Normal.tif using Guid(f4292c2b9fae94f4183427d0db23330d) Importer(815301076,1909f56bfc062723c751e8b465ee728b)  -> (artifact id: 'bb9b72544c1e58552a95d8e685fd2615') in 0.053196 seconds 
  Import took 0.058808 seconds .

========================================================================
Received Import Request.
  Time since last request: 0.000297 seconds.
  path: Assets/_Project/Textures/DiningRoom/Wall_DiningRoom_Albedo.tif
  artifactKey: Guid(039d0ebbd0d67b24ab08bcf5d4c80fd3) Importer(815301076,1909f56bfc062723c751e8b465ee728b)
Start importing Assets/_Project/Textures/DiningRoom/Wall_DiningRoom_Albedo.tif using Guid(039d0ebbd0d67b24ab08bcf5d4c80fd3) Importer(815301076,1909f56bfc062723c751e8b465ee728b)  -> (artifact id: '0f917af7f4c471b5e93b7f6f2bf25528') in 0.032373 seconds 
  Import took 0.037050 seconds .

========================================================================
Received Import Request.
  Time since last request: 0.000331 seconds.
  path: Assets/_Project/Textures/Corridor/Wall_Corridor_Occlusion.tif
  artifactKey: Guid(138b3f1830bb96746943e36fc9e19f6a) Importer(815301076,1909f56bfc062723c751e8b465ee728b)
Start importing Assets/_Project/Textures/Corridor/Wall_Corridor_Occlusion.tif using Guid(138b3f1830bb96746943e36fc9e19f6a) Importer(815301076,1909f56bfc062723c751e8b465ee728b)  -> (artifact id: 'c7921f45d7bbd2e52bd8a93eabf69169') in 0.022857 seconds 
  Import took 0.028125 seconds .

========================================================================
Received Import Request.
  Time since last request: 0.000357 seconds.
  path: Assets/_Project/Textures/BathRoom/Wall_Bathroom_Albedo.tif
  artifactKey: Guid(09664c153c68ab947b77deba659408dd) Importer(815301076,1909f56bfc062723c751e8b465ee728b)
Start importing Assets/_Project/Textures/BathRoom/Wall_Bathroom_Albedo.tif using Guid(09664c153c68ab947b77deba659408dd) Importer(815301076,1909f56bfc062723c751e8b465ee728b)  -> (artifact id: '684ff25416c8c58c2b8be78ea79c2310') in 0.064916 seconds 
  Import took 0.073283 seconds .

========================================================================
Received Import Request.
  Time since last request: 0.000416 seconds.
  path: Assets/_Project/Textures/BathRoom/Wall_Bathroom_Normal.tif
  artifactKey: Guid(56cd7d94e42eb12438f1cdbf457dd4de) Importer(815301076,1909f56bfc062723c751e8b465ee728b)
Start importing Assets/_Project/Textures/BathRoom/Wall_Bathroom_Normal.tif using Guid(56cd7d94e42eb12438f1cdbf457dd4de) Importer(815301076,1909f56bfc062723c751e8b465ee728b)  -> (artifact id: '17214a61d8776de88ac2f443ad5b1582') in 0.052298 seconds 
  Import took 0.059449 seconds .

========================================================================
Received Import Request.
  Time since last request: 0.000321 seconds.
  path: Assets/_Project/Textures/DiningRoom/Wall_Diningroom_MetallicSmooth.tif
  artifactKey: Guid(764b14171f2beee4ca1a52714b902fab) Importer(815301076,1909f56bfc062723c751e8b465ee728b)
Start importing Assets/_Project/Textures/DiningRoom/Wall_Diningroom_MetallicSmooth.tif using Guid(764b14171f2beee4ca1a52714b902fab) Importer(815301076,1909f56bfc062723c751e8b465ee728b)  -> (artifact id: '08a1fd869cc8db394a286eb5ac95e96a') in 0.053099 seconds 
  Import took 0.059416 seconds .

========================================================================
Received Import Request.
  Time since last request: 0.000324 seconds.
  path: Assets/_Project/Textures/Corridor/Window_MetallicSmooth.tif
  artifactKey: Guid(b665bff822259f14285dff49ef07464c) Importer(815301076,1909f56bfc062723c751e8b465ee728b)
Start importing Assets/_Project/Textures/Corridor/Window_MetallicSmooth.tif using Guid(b665bff822259f14285dff49ef07464c) Importer(815301076,1909f56bfc062723c751e8b465ee728b)  -> (artifact id: 'c2de9359bde1da05b08762c717f80289') in 0.077616 seconds 
  Import took 0.088625 seconds .

========================================================================
Received Import Request.
  Time since last request: 0.000959 seconds.
  path: Assets/_Project/Textures/DiningRoom/Wall_DiningRoom_Normal.tif
  artifactKey: Guid(30d20fb44948f544cbba410e71b40c69) Importer(815301076,1909f56bfc062723c751e8b465ee728b)
Start importing Assets/_Project/Textures/DiningRoom/Wall_DiningRoom_Normal.tif using Guid(30d20fb44948f544cbba410e71b40c69) Importer(815301076,1909f56bfc062723c751e8b465ee728b)  -> (artifact id: '10292e3c65cfa8ab5be98e8c9215fd83') in 0.072801 seconds 
  Import took 0.085824 seconds .

========================================================================
Received Import Request.
  Time since last request: 0.000415 seconds.
  path: Assets/_Project/Textures/VFX/wispySmoke.tif
  artifactKey: Guid(b96c69e599825d84e985962673d1679c) Importer(815301076,1909f56bfc062723c751e8b465ee728b)
Start importing Assets/_Project/Textures/VFX/wispySmoke.tif using Guid(b96c69e599825d84e985962673d1679c) Importer(815301076,1909f56bfc062723c751e8b465ee728b)  -> (artifact id: 'c2c2a5f63c3c894ede4fa4aa97d31191') in 0.048218 seconds 
  Import took 0.053833 seconds .

========================================================================
Received Import Request.
  Time since last request: 0.000284 seconds.
  path: Assets/_Project/Textures/Corridor/Window_Occlusion.tif
  artifactKey: Guid(a7b016836ddb1f54cb67ce567d4995b8) Importer(815301076,1909f56bfc062723c751e8b465ee728b)
Start importing Assets/_Project/Textures/Corridor/Window_Occlusion.tif using Guid(a7b016836ddb1f54cb67ce567d4995b8) Importer(815301076,1909f56bfc062723c751e8b465ee728b)  -> (artifact id: '0da85b28732a66a3a332fb2bbe748a81') in 0.054953 seconds 
  Import took 0.059563 seconds .

========================================================================
Received Import Request.
  Time since last request: 0.000320 seconds.
  path: Assets/_Project/Textures/Corridor/Window_Albedo.tif
  artifactKey: Guid(438db02716bc99348bd5bf1f4f8fdb5c) Importer(815301076,1909f56bfc062723c751e8b465ee728b)
Start importing Assets/_Project/Textures/Corridor/Window_Albedo.tif using Guid(438db02716bc99348bd5bf1f4f8fdb5c) Importer(815301076,1909f56bfc062723c751e8b465ee728b)  -> (artifact id: '88d90a984ff986a150ebd9cedd8a8413') in 0.060795 seconds 
  Import took 0.066582 seconds .

========================================================================
Received Import Request.
  Time since last request: 0.000267 seconds.
  path: Assets/_Project/Textures/BedRoom/Wardrobe_albedo.tif
  artifactKey: Guid(e653a8a1f5ca96f499435e1722a44e44) Importer(815301076,1909f56bfc062723c751e8b465ee728b)
Start importing Assets/_Project/Textures/BedRoom/Wardrobe_albedo.tif using Guid(e653a8a1f5ca96f499435e1722a44e44) Importer(815301076,1909f56bfc062723c751e8b465ee728b)  -> (artifact id: '89315829793d19b4e46a384d062e829e') in 0.057399 seconds 
  Import took 0.064213 seconds .

========================================================================
Received Import Request.
  Time since last request: 0.000368 seconds.
  path: Assets/_Project/Textures/BedRoom/Wardrobe_metallic.tif
  artifactKey: Guid(588c69a3b434c3f4b8fabcd84f20e965) Importer(815301076,1909f56bfc062723c751e8b465ee728b)
Start importing Assets/_Project/Textures/BedRoom/Wardrobe_metallic.tif using Guid(588c69a3b434c3f4b8fabcd84f20e965) Importer(815301076,1909f56bfc062723c751e8b465ee728b)  -> (artifact id: '8d81f416d8f0f4e2da5e11153808e12b') in 0.061904 seconds 
  Import took 0.069623 seconds .

========================================================================
Received Import Request.
  Time since last request: 0.000491 seconds.
  path: Assets/_Project/Textures/BathRoom/Wall_Bathroom_Occlusion.tif
  artifactKey: Guid(ccd8d6ec7f5c33244ab0108edf362764) Importer(815301076,1909f56bfc062723c751e8b465ee728b)
Start importing Assets/_Project/Textures/BathRoom/Wall_Bathroom_Occlusion.tif using Guid(ccd8d6ec7f5c33244ab0108edf362764) Importer(815301076,1909f56bfc062723c751e8b465ee728b)  -> (artifact id: '347bc31d9b18b130693310643ec7aa9a') in 0.061629 seconds 
  Import took 0.068771 seconds .

========================================================================
Received Import Request.
  Time since last request: 0.000351 seconds.
  path: Assets/_Project/Textures/BedRoom/Wall_Bedroom_Albedo.tif
  artifactKey: Guid(dfc4afa012e49ff46b46da3e6572b712) Importer(815301076,1909f56bfc062723c751e8b465ee728b)
Start importing Assets/_Project/Textures/BedRoom/Wall_Bedroom_Albedo.tif using Guid(dfc4afa012e49ff46b46da3e6572b712) Importer(815301076,1909f56bfc062723c751e8b465ee728b)  -> (artifact id: '199f8d679ba31c3e49a69fecaf08e1b4') in 0.058133 seconds 
  Import took 0.064465 seconds .

========================================================================
Received Import Request.
  Time since last request: 0.000263 seconds.
  path: Assets/_Project/Textures/DiningRoom/Rug_Albedo.tif
  artifactKey: Guid(a4e930220a796944783b228565f03152) Importer(815301076,1909f56bfc062723c751e8b465ee728b)
Start importing Assets/_Project/Textures/DiningRoom/Rug_Albedo.tif using Guid(a4e930220a796944783b228565f03152) Importer(815301076,1909f56bfc062723c751e8b465ee728b)  -> (artifact id: '5d1078c8e5db598b2104092a7c8a2d10') in 0.059357 seconds 
  Import took 0.066112 seconds .

========================================================================
Received Import Request.
  Time since last request: 0.000388 seconds.
  path: Assets/_Project/Textures/BedRoom/Wardrobe_Occlusion.tif
  artifactKey: Guid(16e5335c3e030e54f878363f16bac234) Importer(815301076,1909f56bfc062723c751e8b465ee728b)
Start importing Assets/_Project/Textures/BedRoom/Wardrobe_Occlusion.tif using Guid(16e5335c3e030e54f878363f16bac234) Importer(815301076,1909f56bfc062723c751e8b465ee728b)  -> (artifact id: '88e7ecfc6d697147a10ea4b466fbbad9') in 0.055709 seconds 
  Import took 0.061838 seconds .

========================================================================
Received Import Request.
  Time since last request: 0.000392 seconds.
  path: Assets/_Project/Textures/VFX/ToonRampTint4.png
  artifactKey: Guid(faa6985ef413994478c9d37d68e21fe9) Importer(815301076,1909f56bfc062723c751e8b465ee728b)
Start importing Assets/_Project/Textures/VFX/ToonRampTint4.png using Guid(faa6985ef413994478c9d37d68e21fe9) Importer(815301076,1909f56bfc062723c751e8b465ee728b)  -> (artifact id: 'b47e4344afa790d905b776539cab4637') in 0.055395 seconds 
  Import took 0.060934 seconds .

========================================================================
Received Import Request.
  Time since last request: 0.000377 seconds.
  path: Assets/_Project/Textures/BathRoom/Wall_Bathroom_MetallicSmooth.tif
  artifactKey: Guid(c347cde124f07b3458f80c005e7bca31) Importer(815301076,1909f56bfc062723c751e8b465ee728b)
Start importing Assets/_Project/Textures/BathRoom/Wall_Bathroom_MetallicSmooth.tif using Guid(c347cde124f07b3458f80c005e7bca31) Importer(815301076,1909f56bfc062723c751e8b465ee728b)  -> (artifact id: 'b4e7d2d5d9616af4e8f0c3513c9f4f57') in 0.055601 seconds 
  Import took 0.061229 seconds .

========================================================================
Received Import Request.
  Time since last request: 0.000289 seconds.
  path: Assets/_Project/Textures/DiningRoom/Table_Albedo.tif
  artifactKey: Guid(9429a87597ad9754c9523aab604ed7e2) Importer(815301076,1909f56bfc062723c751e8b465ee728b)
Start importing Assets/_Project/Textures/DiningRoom/Table_Albedo.tif using Guid(9429a87597ad9754c9523aab604ed7e2) Importer(815301076,1909f56bfc062723c751e8b465ee728b)  -> (artifact id: '188ea14de9def27033e83d8a0dabfe5c') in 0.058774 seconds 
  Import took 0.064783 seconds .

========================================================================
Received Import Request.
  Time since last request: 0.000698 seconds.
  path: Assets/_Project/Textures/DiningRoom/Table_MetallicSmooth.tif
  artifactKey: Guid(51492d8b7b17e0f40bb8f410f5a1d1c8) Importer(815301076,1909f56bfc062723c751e8b465ee728b)
Start importing Assets/_Project/Textures/DiningRoom/Table_MetallicSmooth.tif using Guid(51492d8b7b17e0f40bb8f410f5a1d1c8) Importer(815301076,1909f56bfc062723c751e8b465ee728b)  -> (artifact id: 'f4a4365f9a3aee7e4c4d17c7476663dc') in 0.051605 seconds 
  Import took 0.057899 seconds .

========================================================================
Received Import Request.
  Time since last request: 0.000332 seconds.
  path: Assets/_Project/Textures/BedRoom/Wardrobe_normal.tif
  artifactKey: Guid(e7d023d97c6003548aa49f102bc86b48) Importer(815301076,1909f56bfc062723c751e8b465ee728b)
Start importing Assets/_Project/Textures/BedRoom/Wardrobe_normal.tif using Guid(e7d023d97c6003548aa49f102bc86b48) Importer(815301076,1909f56bfc062723c751e8b465ee728b)  -> (artifact id: 'ea6400ac7c0c4e405603fa249bde4867') in 0.064227 seconds 
  Import took 0.071060 seconds .

========================================================================
Received Import Request.
  Time since last request: 0.000358 seconds.
  path: Assets/_Project/Textures/DiningRoom/Wall_Diningroom_Occlusion.tif
  artifactKey: Guid(1b7d918996695fd4c9550fd74e3b26d0) Importer(815301076,1909f56bfc062723c751e8b465ee728b)
Start importing Assets/_Project/Textures/DiningRoom/Wall_Diningroom_Occlusion.tif using Guid(1b7d918996695fd4c9550fd74e3b26d0) Importer(815301076,1909f56bfc062723c751e8b465ee728b)  -> (artifact id: '603ba241467c6a982adc2d0d03b74524') in 0.053347 seconds 
  Import took 0.058899 seconds .

========================================================================
Received Import Request.
  Time since last request: 0.000412 seconds.
  path: Assets/_Project/Textures/Corridor/Window_Normal.tif
  artifactKey: Guid(3773c8801f57fbc4fbf0fe19ef4d83f6) Importer(815301076,1909f56bfc062723c751e8b465ee728b)
Start importing Assets/_Project/Textures/Corridor/Window_Normal.tif using Guid(3773c8801f57fbc4fbf0fe19ef4d83f6) Importer(815301076,1909f56bfc062723c751e8b465ee728b)  -> (artifact id: 'dec1cb4e419178c8cece02a1469ce599') in 0.059554 seconds 
  Import took 0.066065 seconds .

========================================================================
Received Import Request.
  Time since last request: 0.000322 seconds.
  path: Assets/_Project/Textures/DiningRoom/Rug_Normal.tif
  artifactKey: Guid(989b9ff16a9f11c488b8713304942f71) Importer(815301076,1909f56bfc062723c751e8b465ee728b)
Start importing Assets/_Project/Textures/DiningRoom/Rug_Normal.tif using Guid(989b9ff16a9f11c488b8713304942f71) Importer(815301076,1909f56bfc062723c751e8b465ee728b)  -> (artifact id: '06d3b28599a867490aab3db19f07d1ff') in 0.053509 seconds 
  Import took 0.058889 seconds .

========================================================================
Received Import Request.
  Time since last request: 0.000372 seconds.
  path: Assets/_Project/Textures/DiningRoom/Table_Occlusion.tif
  artifactKey: Guid(87ed162bddc21c44e89dfeb850becb30) Importer(815301076,1909f56bfc062723c751e8b465ee728b)
Start importing Assets/_Project/Textures/DiningRoom/Table_Occlusion.tif using Guid(87ed162bddc21c44e89dfeb850becb30) Importer(815301076,1909f56bfc062723c751e8b465ee728b)  -> (artifact id: 'c30b8d696da2174a62321bbddb017306') in 0.050901 seconds 
  Import took 0.056190 seconds .

========================================================================
Received Import Request.
  Time since last request: 0.000285 seconds.
  path: Assets/_Project/Textures/Corridor/Wall_Corridor_Albedo.tif
  artifactKey: Guid(1207488b81bf4104cac3f5e1e4d8e653) Importer(815301076,1909f56bfc062723c751e8b465ee728b)
Start importing Assets/_Project/Textures/Corridor/Wall_Corridor_Albedo.tif using Guid(1207488b81bf4104cac3f5e1e4d8e653) Importer(815301076,1909f56bfc062723c751e8b465ee728b)  -> (artifact id: 'a3c56597dd72d7a991d59cfbb1c8bf48') in 0.057277 seconds 
  Import took 0.063145 seconds .

========================================================================
Received Import Request.
  Time since last request: 0.000263 seconds.
  path: Assets/_Project/Textures/VFX/Splash04Albedo.tif
  artifactKey: Guid(0153ce75dcbf4624d93f11ff5b9882bd) Importer(815301076,1909f56bfc062723c751e8b465ee728b)
Start importing Assets/_Project/Textures/VFX/Splash04Albedo.tif using Guid(0153ce75dcbf4624d93f11ff5b9882bd) Importer(815301076,1909f56bfc062723c751e8b465ee728b)  -> (artifact id: '8b1072e96475b2aeff2704d47a05e15c') in 0.059206 seconds 
  Import took 0.065580 seconds .

========================================================================
Received Import Request.
  Time since last request: 0.000438 seconds.
  path: Assets/_Project/Textures/BedRoom/Wall_Bedroom_Occlusion.tif
  artifactKey: Guid(4fb46e6004800a041b402ee8dba3a9b0) Importer(815301076,1909f56bfc062723c751e8b465ee728b)
Start importing Assets/_Project/Textures/BedRoom/Wall_Bedroom_Occlusion.tif using Guid(4fb46e6004800a041b402ee8dba3a9b0) Importer(815301076,1909f56bfc062723c751e8b465ee728b)  -> (artifact id: '765220015c3c1b1eaeef1e6829108cbb') in 0.061474 seconds 
  Import took 0.068398 seconds .

========================================================================
Received Import Request.
  Time since last request: 0.000449 seconds.
  path: Assets/_Project/Textures/Corridor/Wall_Corridor_MetallicSmooth.tif
  artifactKey: Guid(ba80831ff9ffb924f96dde6223f6fa8f) Importer(815301076,1909f56bfc062723c751e8b465ee728b)
Start importing Assets/_Project/Textures/Corridor/Wall_Corridor_MetallicSmooth.tif using Guid(ba80831ff9ffb924f96dde6223f6fa8f) Importer(815301076,1909f56bfc062723c751e8b465ee728b)  -> (artifact id: 'a4c7ba0e0196dde0c6a049ad02416ae9') in 0.058315 seconds 
  Import took 0.064768 seconds .

========================================================================
Received Import Request.
  Time since last request: 0.000434 seconds.
  path: Assets/_Project/Textures/DiningRoom/Rug_MetallicSmooth.tif
  artifactKey: Guid(1bf094c50c7639e4ab5c3d8c9bd8da5f) Importer(815301076,1909f56bfc062723c751e8b465ee728b)
Start importing Assets/_Project/Textures/DiningRoom/Rug_MetallicSmooth.tif using Guid(1bf094c50c7639e4ab5c3d8c9bd8da5f) Importer(815301076,1909f56bfc062723c751e8b465ee728b)  -> (artifact id: '1516c3db791ca79a0902629632e8ffca') in 0.056855 seconds 
  Import took 0.062487 seconds .

========================================================================
Received Prepare
Registering precompiled user dll's ...
Registered in 0.005978 seconds.
Begin MonoManager ReloadAssembly
Native extension for WindowsStandalone target not found
Native extension for WebGL target not found
Refreshing native plugins compatible for Editor in 0.60 ms, found 2 plugins.
Preloading 0 native plugins for Editor in 0.00 ms.
Mono: successfully reloaded assembly
- Completed reload, in  1.144 seconds
Domain Reload Profiling:
	ReloadAssembly (1145ms)
		BeginReloadAssembly (134ms)
			ExecutionOrderSort (0ms)
			DisableScriptedObjects (6ms)
			BackupInstance (0ms)
			ReleaseScriptingObjects (0ms)
			CreateAndSetChildDomain (40ms)
		EndReloadAssembly (941ms)
			LoadAssemblies (95ms)
			RebuildTransferFunctionScriptingTraits (0ms)
			SetupTypeCache (358ms)
			ReleaseScriptCaches (1ms)
			RebuildScriptCaches (45ms)
			SetupLoadedEditorAssemblies (341ms)
				LogAssemblyErrors (0ms)
				InitializePlatformSupportModulesInManaged (6ms)
				SetLoadedEditorAssemblies (0ms)
				RefreshPlugins (1ms)
				BeforeProcessingInitializeOnLoad (84ms)
				ProcessInitializeOnLoadAttributes (230ms)
				ProcessInitializeOnLoadMethodAttributes (12ms)
				AfterProcessingInitializeOnLoad (7ms)
				EditorAssembliesLoaded (0ms)
			ExecutionOrderSort2 (0ms)
			AwakeInstancesAfterBackupRestoration (8ms)
Platform modules already initialized, skipping
Refreshing native plugins compatible for Editor in 0.62 ms, found 2 plugins.
Preloading 0 native plugins for Editor in 0.00 ms.
Unloading 1985 Unused Serialized files (Serialized files now loaded: 0)
System memory in use before: 162.4 MB.
System memory in use after: 162.5 MB.

Unloading 36 unused Assets to reduce memory usage. Loaded Objects now: 2457.
Total: 2.765000 ms (FindLiveObjects: 0.162900 ms CreateObjectMapping: 0.073200 ms MarkObjects: 2.509200 ms  DeleteObjects: 0.018900 ms)

AssetImportParameters requested are different than current active one (requested -> active):
  custom:framework-win-MediaFoundation: 216162199b28c13a410421893ffa2e32 -> 
  custom:video-decoder-ogg-theora: a1e56fd34408186e4bbccfd4996cb3dc -> 
  custom:container-muxer-webm: aa71ff27fc2769a1b78a27578f13a17b -> 
  custom:container-demuxer-webm: 4f35f7cbe854078d1ac9338744f61a02 -> 
  custom:container-demuxer-ogg: 62fdf1f143b41e24485cea50d1cbac27 -> 
  custom:video-encoder-webm-vp8: eb34c28f22e8b96e1ab97ce403110664 -> 
  custom:video-codec-MediaFoundation-h265: 746d11721c4dcdbdad8f713fa42b33f4 -> 
  custom:video-decoder-webm-vp8: 9c59270c3fd7afecdb556c50c9e8de78 -> 
  custom:audio-decoder-ogg-vorbis: bf7c407c2cedff20999df2af8eb42d56 -> 
  custom:audio-encoder-webm-vorbis: bf7c407c2cedff20999df2af8eb42d56 -> 
